This file contains any messages produced by compilers while
running configure, to aid debugging if configure makes a mistake.

It was created by Clustal Omega configure 1.2.1, which was
generated by GNU Autoconf 2.69.  Invocation command line was

  $ ./configure CFLAGS=-I/home/tot/taxontree/test/src/argtable2-13/include LDFLAGS=-L/home/tot/taxontree/test/src/argtable2-13/lib

## --------- ##
## Platform. ##
## --------- ##

hostname = bioinfo
uname -m = x86_64
uname -r = 3.10.0-514.16.1.el7.x86_64
uname -s = Linux
uname -v = #1 SMP Wed Apr 12 15:04:24 UTC 2017

/usr/bin/uname -p = x86_64
/bin/uname -X     = unknown

/bin/arch              = x86_64
/usr/bin/arch -k       = unknown
/usr/convex/getsysinfo = unknown
/usr/bin/hostinfo      = unknown
/bin/machine           = unknown
/usr/bin/oslevel       = unknown
/bin/universe          = unknown

PATH: /opt/ant/bin
PATH: /usr/local/bin
PATH: /usr/bin
PATH: /usr/local/sbin
PATH: /usr/sbin
PATH: /home/tot/.local/bin
PATH: /home/tot/bin


## ----------- ##
## Core tests. ##
## ----------- ##

configure:2750:

    Welcome to Clustal Omega - version 1.2.1 (AndreaGiacomo)

                       +NMMMMMMMMMS=
                    MMMMM?      :MMMMM8
                  IMMMMS           MMMMM,
                ~MMMMN              ,MMMMM
               =MMMMM                 MMMMM
              ?MMMMM                  +MMMMM
              MMMMMS                   MMMMM
              MMMMM                    MMMMM:
              MMMMM                    MMMMM+
              MMMMM                    MMMMM~
              MMMMM                    MMMMM
              MMMMMZ                   MMMMM
               MMMMM                  ,MMMMZ
                MMMM8                 MMMM+
                 MMMMS               MMMM,
                   MMMMO           MMMM
            ,N       SMMM        MMM8       +8
            ,M7         M+       M+        :M8
            ,MMMMMMMMMMMMI       MMMMMMMMMMMM8
            ,MMMMMMMMMMMM8       MMMMMMMMMMMM8
            ,MMMMMMMMMMMMN       MMMMMMMMMMMM8

              
configure:2859: checking for a BSD-compatible install
configure:2927: result: /usr/bin/install -c
configure:2938: checking whether build environment is sane
configure:2975: result: yes
configure:3000: checking for a thread-safe mkdir -p
configure:3039: result: /usr/bin/mkdir -p
configure:3052: checking for gawk
configure:3068: found /usr/bin/gawk
configure:3079: result: gawk
configure:3090: checking whether make sets $(MAKE)
configure:3112: result: yes
configure:3326: checking for style of include used by make
configure:3354: result: GNU
configure:3424: checking for gcc
configure:3440: found /usr/bin/gcc
configure:3451: result: gcc
configure:3680: checking for C compiler version
configure:3689: gcc --version >&5
gcc (GCC) 4.8.5 20150623 (Red Hat 4.8.5-16)
Copyright (C) 2015 Free Software Foundation, Inc.
This is free software; see the source for copying conditions.  There is NO
warranty; not even for MERCHANTABILITY or FITNESS FOR A PARTICULAR PURPOSE.

configure:3700: $? = 0
configure:3689: gcc -v >&5
Using built-in specs.
COLLECT_GCC=gcc
COLLECT_LTO_WRAPPER=/usr/libexec/gcc/x86_64-redhat-linux/4.8.5/lto-wrapper
Target: x86_64-redhat-linux
Configured with: ../configure --prefix=/usr --mandir=/usr/share/man --infodir=/usr/share/info --with-bugurl=http://bugzilla.redhat.com/bugzilla --enable-bootstrap --enable-shared --enable-threads=posix --enable-checking=release --with-system-zlib --enable-__cxa_atexit --disable-libunwind-exceptions --enable-gnu-unique-object --enable-linker-build-id --with-linker-hash-style=gnu --enable-languages=c,c++,objc,obj-c++,java,fortran,ada,go,lto --enable-plugin --enable-initfini-array --disable-libgcj --with-isl=/builddir/build/BUILD/gcc-4.8.5-20150702/obj-x86_64-redhat-linux/isl-install --with-cloog=/builddir/build/BUILD/gcc-4.8.5-20150702/obj-x86_64-redhat-linux/cloog-install --enable-gnu-indirect-function --with-tune=generic --with-arch_32=x86-64 --build=x86_64-redhat-linux
Thread model: posix
gcc version 4.8.5 20150623 (Red Hat 4.8.5-16) (GCC) 
configure:3700: $? = 0
configure:3689: gcc -V >&5
gcc: error: unrecognized command line option '-V'
gcc: fatal error: no input files
compilation terminated.
configure:3700: $? = 4
configure:3689: gcc -qversion >&5
gcc: error: unrecognized command line option '-qversion'
gcc: fatal error: no input files
compilation terminated.
configure:3700: $? = 4
configure:3720: checking whether the C compiler works
configure:3742: gcc -I/home/tot/taxontree/test/src/argtable2-13/include  -L/home/tot/taxontree/test/src/argtable2-13/lib conftest.c  >&5
configure:3746: $? = 0
configure:3794: result: yes
configure:3797: checking for C compiler default output file name
configure:3799: result: a.out
configure:3805: checking for suffix of executables
configure:3812: gcc -o conftest -I/home/tot/taxontree/test/src/argtable2-13/include  -L/home/tot/taxontree/test/src/argtable2-13/lib conftest.c  >&5
configure:3816: $? = 0
configure:3838: result: 
configure:3860: checking whether we are cross compiling
configure:3868: gcc -o conftest -I/home/tot/taxontree/test/src/argtable2-13/include  -L/home/tot/taxontree/test/src/argtable2-13/lib conftest.c  >&5
configure:3872: $? = 0
configure:3879: ./conftest
configure:3883: $? = 0
configure:3898: result: no
configure:3903: checking for suffix of object files
configure:3925: gcc -c -I/home/tot/taxontree/test/src/argtable2-13/include  conftest.c >&5
configure:3929: $? = 0
configure:3950: result: o
configure:3954: checking whether we are using the GNU C compiler
configure:3973: gcc -c -I/home/tot/taxontree/test/src/argtable2-13/include  conftest.c >&5
configure:3973: $? = 0
configure:3982: result: yes
configure:3991: checking whether gcc accepts -g
configure:4011: gcc -c -g  conftest.c >&5
configure:4011: $? = 0
configure:4052: result: yes
configure:4069: checking for gcc option to accept ISO C89
configure:4132: gcc  -c -I/home/tot/taxontree/test/src/argtable2-13/include  conftest.c >&5
configure:4132: $? = 0
configure:4145: result: none needed
configure:4167: checking dependency style of gcc
configure:4258: result: gcc3
configure:4279: checking how to run the C preprocessor
configure:4310: gcc -E  conftest.c
configure:4310: $? = 0
configure:4324: gcc -E  conftest.c
conftest.c:11:28: fatal error: ac_nonexistent.h: No such file or directory
 #include <ac_nonexistent.h>
                            ^
compilation terminated.
configure:4324: $? = 1
configure: failed program was:
| /* confdefs.h */
| #define PACKAGE_NAME "Clustal Omega"
| #define PACKAGE_TARNAME "clustal-omega"
| #define PACKAGE_VERSION "1.2.1"
| #define PACKAGE_STRING "Clustal Omega 1.2.1"
| #define PACKAGE_BUGREPORT "clustalw@ucd.ie"
| #define PACKAGE_URL ""
| #define PACKAGE "clustal-omega"
| #define VERSION "1.2.1"
| /* end confdefs.h.  */
| #include <ac_nonexistent.h>
configure:4349: result: gcc -E
configure:4369: gcc -E  conftest.c
configure:4369: $? = 0
configure:4383: gcc -E  conftest.c
conftest.c:11:28: fatal error: ac_nonexistent.h: No such file or directory
 #include <ac_nonexistent.h>
                            ^
compilation terminated.
configure:4383: $? = 1
configure: failed program was:
| /* confdefs.h */
| #define PACKAGE_NAME "Clustal Omega"
| #define PACKAGE_TARNAME "clustal-omega"
| #define PACKAGE_VERSION "1.2.1"
| #define PACKAGE_STRING "Clustal Omega 1.2.1"
| #define PACKAGE_BUGREPORT "clustalw@ucd.ie"
| #define PACKAGE_URL ""
| #define PACKAGE "clustal-omega"
| #define VERSION "1.2.1"
| /* end confdefs.h.  */
| #include <ac_nonexistent.h>
configure:4412: checking for grep that handles long lines and -e
configure:4470: result: /usr/bin/grep
configure:4475: checking for egrep
configure:4537: result: /usr/bin/grep -E
configure:4542: checking for ANSI C header files
configure:4562: gcc -c -I/home/tot/taxontree/test/src/argtable2-13/include  conftest.c >&5
configure:4562: $? = 0
configure:4635: gcc -o conftest -I/home/tot/taxontree/test/src/argtable2-13/include  -L/home/tot/taxontree/test/src/argtable2-13/lib conftest.c  >&5
configure:4635: $? = 0
configure:4635: ./conftest
configure:4635: $? = 0
configure:4646: result: yes
configure:4659: checking for sys/types.h
configure:4659: gcc -c -I/home/tot/taxontree/test/src/argtable2-13/include  conftest.c >&5
configure:4659: $? = 0
configure:4659: result: yes
configure:4659: checking for sys/stat.h
configure:4659: gcc -c -I/home/tot/taxontree/test/src/argtable2-13/include  conftest.c >&5
configure:4659: $? = 0
configure:4659: result: yes
configure:4659: checking for stdlib.h
configure:4659: gcc -c -I/home/tot/taxontree/test/src/argtable2-13/include  conftest.c >&5
configure:4659: $? = 0
configure:4659: result: yes
configure:4659: checking for string.h
configure:4659: gcc -c -I/home/tot/taxontree/test/src/argtable2-13/include  conftest.c >&5
configure:4659: $? = 0
configure:4659: result: yes
configure:4659: checking for memory.h
configure:4659: gcc -c -I/home/tot/taxontree/test/src/argtable2-13/include  conftest.c >&5
configure:4659: $? = 0
configure:4659: result: yes
configure:4659: checking for strings.h
configure:4659: gcc -c -I/home/tot/taxontree/test/src/argtable2-13/include  conftest.c >&5
configure:4659: $? = 0
configure:4659: result: yes
configure:4659: checking for inttypes.h
configure:4659: gcc -c -I/home/tot/taxontree/test/src/argtable2-13/include  conftest.c >&5
configure:4659: $? = 0
configure:4659: result: yes
configure:4659: checking for stdint.h
configure:4659: gcc -c -I/home/tot/taxontree/test/src/argtable2-13/include  conftest.c >&5
configure:4659: $? = 0
configure:4659: result: yes
configure:4659: checking for unistd.h
configure:4659: gcc -c -I/home/tot/taxontree/test/src/argtable2-13/include  conftest.c >&5
configure:4659: $? = 0
configure:4659: result: yes
configure:4672: checking minix/config.h usability
configure:4672: gcc -c -I/home/tot/taxontree/test/src/argtable2-13/include  conftest.c >&5
conftest.c:54:26: fatal error: minix/config.h: No such file or directory
 #include <minix/config.h>
                          ^
compilation terminated.
configure:4672: $? = 1
configure: failed program was:
| /* confdefs.h */
| #define PACKAGE_NAME "Clustal Omega"
| #define PACKAGE_TARNAME "clustal-omega"
| #define PACKAGE_VERSION "1.2.1"
| #define PACKAGE_STRING "Clustal Omega 1.2.1"
| #define PACKAGE_BUGREPORT "clustalw@ucd.ie"
| #define PACKAGE_URL ""
| #define PACKAGE "clustal-omega"
| #define VERSION "1.2.1"
| #define STDC_HEADERS 1
| #define HAVE_SYS_TYPES_H 1
| #define HAVE_SYS_STAT_H 1
| #define HAVE_STDLIB_H 1
| #define HAVE_STRING_H 1
| #define HAVE_MEMORY_H 1
| #define HAVE_STRINGS_H 1
| #define HAVE_INTTYPES_H 1
| #define HAVE_STDINT_H 1
| #define HAVE_UNISTD_H 1
| /* end confdefs.h.  */
| #include <stdio.h>
| #ifdef HAVE_SYS_TYPES_H
| # include <sys/types.h>
| #endif
| #ifdef HAVE_SYS_STAT_H
| # include <sys/stat.h>
| #endif
| #ifdef STDC_HEADERS
| # include <stdlib.h>
| # include <stddef.h>
| #else
| # ifdef HAVE_STDLIB_H
| #  include <stdlib.h>
| # endif
| #endif
| #ifdef HAVE_STRING_H
| # if !defined STDC_HEADERS && defined HAVE_MEMORY_H
| #  include <memory.h>
| # endif
| # include <string.h>
| #endif
| #ifdef HAVE_STRINGS_H
| # include <strings.h>
| #endif
| #ifdef HAVE_INTTYPES_H
| # include <inttypes.h>
| #endif
| #ifdef HAVE_STDINT_H
| # include <stdint.h>
| #endif
| #ifdef HAVE_UNISTD_H
| # include <unistd.h>
| #endif
| #include <minix/config.h>
configure:4672: result: no
configure:4672: checking minix/config.h presence
configure:4672: gcc -E  conftest.c
conftest.c:21:26: fatal error: minix/config.h: No such file or directory
 #include <minix/config.h>
                          ^
compilation terminated.
configure:4672: $? = 1
configure: failed program was:
| /* confdefs.h */
| #define PACKAGE_NAME "Clustal Omega"
| #define PACKAGE_TARNAME "clustal-omega"
| #define PACKAGE_VERSION "1.2.1"
| #define PACKAGE_STRING "Clustal Omega 1.2.1"
| #define PACKAGE_BUGREPORT "clustalw@ucd.ie"
| #define PACKAGE_URL ""
| #define PACKAGE "clustal-omega"
| #define VERSION "1.2.1"
| #define STDC_HEADERS 1
| #define HAVE_SYS_TYPES_H 1
| #define HAVE_SYS_STAT_H 1
| #define HAVE_STDLIB_H 1
| #define HAVE_STRING_H 1
| #define HAVE_MEMORY_H 1
| #define HAVE_STRINGS_H 1
| #define HAVE_INTTYPES_H 1
| #define HAVE_STDINT_H 1
| #define HAVE_UNISTD_H 1
| /* end confdefs.h.  */
| #include <minix/config.h>
configure:4672: result: no
configure:4672: checking for minix/config.h
configure:4672: result: no
configure:4693: checking whether it is safe to define __EXTENSIONS__
configure:4711: gcc -c -I/home/tot/taxontree/test/src/argtable2-13/include  conftest.c >&5
configure:4711: $? = 0
configure:4718: result: yes
configure:4740: checking build system type
configure:4754: result: x86_64-unknown-linux-gnu
configure:4774: checking host system type
configure:4787: result: x86_64-unknown-linux-gnu
configure:4811: checking whether make sets $(MAKE)
configure:4833: result: yes
configure:4873: checking for a sed that does not truncate output
configure:4937: result: /usr/bin/sed
configure:4955: checking for fgrep
configure:5017: result: /usr/bin/grep -F
configure:5052: checking for ld used by gcc
configure:5119: result: /usr/bin/ld
configure:5126: checking if the linker (/usr/bin/ld) is GNU ld
configure:5141: result: yes
configure:5153: checking for BSD- or MS-compatible name lister (nm)
configure:5202: result: /usr/bin/nm -B
configure:5320: checking the name lister (/usr/bin/nm -B) interface
configure:5327: gcc -c -I/home/tot/taxontree/test/src/argtable2-13/include  conftest.c >&5
configure:5330: /usr/bin/nm -B "conftest.o"
configure:5333: output
0000000000000000 B some_variable
configure:5340: result: BSD nm
configure:5343: checking whether ln -s works
configure:5347: result: yes
configure:5355: checking the maximum length of command line arguments
configure:5475: result: 1572864
configure:5492: checking whether the shell understands some XSI constructs
configure:5502: result: yes
configure:5506: checking whether the shell understands "+="
configure:5512: result: yes
configure:5547: checking for /usr/bin/ld option to reload object files
configure:5554: result: -r
configure:5623: checking for objdump
configure:5639: found /usr/bin/objdump
configure:5650: result: objdump
configure:5682: checking how to recognize dependent libraries
configure:5878: result: pass_all
configure:5938: checking for ar
configure:5954: found /usr/bin/ar
configure:5965: result: ar
configure:6043: checking for strip
configure:6059: found /usr/bin/strip
configure:6070: result: strip
configure:6142: checking for ranlib
configure:6158: found /usr/bin/ranlib
configure:6169: result: ranlib
configure:6259: checking command to parse /usr/bin/nm -B output from gcc object
configure:6377: gcc -c -I/home/tot/taxontree/test/src/argtable2-13/include  conftest.c >&5
configure:6380: $? = 0
configure:6384: /usr/bin/nm -B conftest.o \| sed -n -e 's/^.*[	 ]\([ABCDGIRSTW][ABCDGIRSTW]*\)[	 ][	 ]*\([_A-Za-z][_A-Za-z0-9]*\)$/\1 \2 \2/p' \> conftest.nm
configure:6387: $? = 0
configure:6441: gcc -o conftest -I/home/tot/taxontree/test/src/argtable2-13/include  -L/home/tot/taxontree/test/src/argtable2-13/lib conftest.c conftstm.o >&5
configure:6444: $? = 0
configure:6482: result: ok
configure:6577: gcc -c -I/home/tot/taxontree/test/src/argtable2-13/include  conftest.c >&5
configure:6580: $? = 0
configure:7287: checking for dlfcn.h
configure:7287: gcc -c -I/home/tot/taxontree/test/src/argtable2-13/include  conftest.c >&5
configure:7287: $? = 0
configure:7287: result: yes
configure:7471: checking for objdir
configure:7486: result: .libs
configure:7782: checking if gcc supports -fno-rtti -fno-exceptions
configure:7800: gcc -c -I/home/tot/taxontree/test/src/argtable2-13/include  -fno-rtti -fno-exceptions conftest.c >&5
cc1: warning: command line option '-fno-rtti' is valid for C++/ObjC++ but not for C [enabled by default]
configure:7804: $? = 0
configure:7817: result: no
configure:7837: checking for gcc option to produce PIC
configure:8109: result: -fPIC -DPIC
configure:8121: checking if gcc PIC flag -fPIC -DPIC works
configure:8139: gcc -c -I/home/tot/taxontree/test/src/argtable2-13/include  -fPIC -DPIC -DPIC conftest.c >&5
configure:8143: $? = 0
configure:8156: result: yes
configure:8180: checking if gcc static flag -static works
configure:8208: result: no
configure:8223: checking if gcc supports -c -o file.o
configure:8244: gcc -c -I/home/tot/taxontree/test/src/argtable2-13/include  -o out/conftest2.o conftest.c >&5
configure:8248: $? = 0
configure:8270: result: yes
configure:8278: checking if gcc supports -c -o file.o
configure:8325: result: yes
configure:8358: checking whether the gcc linker (/usr/bin/ld -m elf_x86_64) supports shared libraries
configure:9345: result: yes
configure:9382: checking whether -lc should be explicitly linked in
configure:9387: gcc -c -I/home/tot/taxontree/test/src/argtable2-13/include  conftest.c >&5
configure:9390: $? = 0
configure:9405: gcc -shared conftest.o  -v -Wl,-soname -Wl,conftest -o conftest 2\>\&1 \| /usr/bin/grep  -lc  \>/dev/null 2\>\&1
configure:9408: $? = 0
configure:9420: result: no
configure:9584: checking dynamic linker characteristics
configure:10017: gcc -o conftest -I/home/tot/taxontree/test/src/argtable2-13/include  -L/home/tot/taxontree/test/src/argtable2-13/lib -Wl,-rpath -Wl,/foo conftest.c  >&5
configure:10017: $? = 0
configure:10247: result: GNU/Linux ld.so
configure:10349: checking how to hardcode library paths into programs
configure:10374: result: immediate
configure:10894: checking whether stripping libraries is possible
configure:10899: result: yes
configure:10934: checking if libtool supports shared libraries
configure:10936: result: yes
configure:10939: checking whether to build shared libraries
configure:10960: result: yes
configure:10963: checking whether to build static libraries
configure:10967: result: yes
configure:11063: checking for gcc
configure:11090: result: gcc
configure:11319: checking for C compiler version
configure:11328: gcc --version >&5
gcc (GCC) 4.8.5 20150623 (Red Hat 4.8.5-16)
Copyright (C) 2015 Free Software Foundation, Inc.
This is free software; see the source for copying conditions.  There is NO
warranty; not even for MERCHANTABILITY or FITNESS FOR A PARTICULAR PURPOSE.

configure:11339: $? = 0
configure:11328: gcc -v >&5
Using built-in specs.
COLLECT_GCC=gcc
COLLECT_LTO_WRAPPER=/usr/libexec/gcc/x86_64-redhat-linux/4.8.5/lto-wrapper
Target: x86_64-redhat-linux
Configured with: ../configure --prefix=/usr --mandir=/usr/share/man --infodir=/usr/share/info --with-bugurl=http://bugzilla.redhat.com/bugzilla --enable-bootstrap --enable-shared --enable-threads=posix --enable-checking=release --with-system-zlib --enable-__cxa_atexit --disable-libunwind-exceptions --enable-gnu-unique-object --enable-linker-build-id --with-linker-hash-style=gnu --enable-languages=c,c++,objc,obj-c++,java,fortran,ada,go,lto --enable-plugin --enable-initfini-array --disable-libgcj --with-isl=/builddir/build/BUILD/gcc-4.8.5-20150702/obj-x86_64-redhat-linux/isl-install --with-cloog=/builddir/build/BUILD/gcc-4.8.5-20150702/obj-x86_64-redhat-linux/cloog-install --enable-gnu-indirect-function --with-tune=generic --with-arch_32=x86-64 --build=x86_64-redhat-linux
Thread model: posix
gcc version 4.8.5 20150623 (Red Hat 4.8.5-16) (GCC) 
configure:11339: $? = 0
configure:11328: gcc -V >&5
gcc: error: unrecognized command line option '-V'
gcc: fatal error: no input files
compilation terminated.
configure:11339: $? = 4
configure:11328: gcc -qversion >&5
gcc: error: unrecognized command line option '-qversion'
gcc: fatal error: no input files
compilation terminated.
configure:11339: $? = 4
configure:11343: checking whether we are using the GNU C compiler
configure:11371: result: yes
configure:11380: checking whether gcc accepts -g
configure:11441: result: yes
configure:11458: checking for gcc option to accept ISO C89
configure:11534: result: none needed
configure:11556: checking dependency style of gcc
configure:11647: result: gcc3
configure:11668: checking how to run the C preprocessor
configure:11738: result: gcc -E
configure:11758: gcc -E  conftest.c
configure:11758: $? = 0
configure:11772: gcc -E  conftest.c
conftest.c:28:28: fatal error: ac_nonexistent.h: No such file or directory
 #include <ac_nonexistent.h>
                            ^
compilation terminated.
configure:11772: $? = 1
configure: failed program was:
| /* confdefs.h */
| #define PACKAGE_NAME "Clustal Omega"
| #define PACKAGE_TARNAME "clustal-omega"
| #define PACKAGE_VERSION "1.2.1"
| #define PACKAGE_STRING "Clustal Omega 1.2.1"
| #define PACKAGE_BUGREPORT "clustalw@ucd.ie"
| #define PACKAGE_URL ""
| #define PACKAGE "clustal-omega"
| #define VERSION "1.2.1"
| #define STDC_HEADERS 1
| #define HAVE_SYS_TYPES_H 1
| #define HAVE_SYS_STAT_H 1
| #define HAVE_STDLIB_H 1
| #define HAVE_STRING_H 1
| #define HAVE_MEMORY_H 1
| #define HAVE_STRINGS_H 1
| #define HAVE_INTTYPES_H 1
| #define HAVE_STDINT_H 1
| #define HAVE_UNISTD_H 1
| #define __EXTENSIONS__ 1
| #define _ALL_SOURCE 1
| #define _GNU_SOURCE 1
| #define _POSIX_PTHREAD_SEMANTICS 1
| #define _TANDEM_SOURCE 1
| #define HAVE_DLFCN_H 1
| #define LT_OBJDIR ".libs/"
| /* end confdefs.h.  */
| #include <ac_nonexistent.h>
configure:11863: checking for g++
configure:11879: found /usr/bin/g++
configure:11890: result: g++
configure:11917: checking for C++ compiler version
configure:11926: g++ --version >&5
g++ (GCC) 4.8.5 20150623 (Red Hat 4.8.5-16)
Copyright (C) 2015 Free Software Foundation, Inc.
This is free software; see the source for copying conditions.  There is NO
warranty; not even for MERCHANTABILITY or FITNESS FOR A PARTICULAR PURPOSE.

configure:11937: $? = 0
configure:11926: g++ -v >&5
Using built-in specs.
COLLECT_GCC=g++
COLLECT_LTO_WRAPPER=/usr/libexec/gcc/x86_64-redhat-linux/4.8.5/lto-wrapper
Target: x86_64-redhat-linux
Configured with: ../configure --prefix=/usr --mandir=/usr/share/man --infodir=/usr/share/info --with-bugurl=http://bugzilla.redhat.com/bugzilla --enable-bootstrap --enable-shared --enable-threads=posix --enable-checking=release --with-system-zlib --enable-__cxa_atexit --disable-libunwind-exceptions --enable-gnu-unique-object --enable-linker-build-id --with-linker-hash-style=gnu --enable-languages=c,c++,objc,obj-c++,java,fortran,ada,go,lto --enable-plugin --enable-initfini-array --disable-libgcj --with-isl=/builddir/build/BUILD/gcc-4.8.5-20150702/obj-x86_64-redhat-linux/isl-install --with-cloog=/builddir/build/BUILD/gcc-4.8.5-20150702/obj-x86_64-redhat-linux/cloog-install --enable-gnu-indirect-function --with-tune=generic --with-arch_32=x86-64 --build=x86_64-redhat-linux
Thread model: posix
gcc version 4.8.5 20150623 (Red Hat 4.8.5-16) (GCC) 
configure:11937: $? = 0
configure:11926: g++ -V >&5
g++: error: unrecognized command line option '-V'
g++: fatal error: no input files
compilation terminated.
configure:11937: $? = 4
configure:11926: g++ -qversion >&5
g++: error: unrecognized command line option '-qversion'
g++: fatal error: no input files
compilation terminated.
configure:11937: $? = 4
configure:11941: checking whether we are using the GNU C++ compiler
configure:11960: g++ -c   conftest.cpp >&5
configure:11960: $? = 0
configure:11969: result: yes
configure:11978: checking whether g++ accepts -g
configure:11998: g++ -c -g  conftest.cpp >&5
configure:11998: $? = 0
configure:12039: result: yes
configure:12064: checking dependency style of g++
configure:12155: result: gcc3
configure:12283: checking for C++ compiler version
configure:12292: g++ --version >&5
g++ (GCC) 4.8.5 20150623 (Red Hat 4.8.5-16)
Copyright (C) 2015 Free Software Foundation, Inc.
This is free software; see the source for copying conditions.  There is NO
warranty; not even for MERCHANTABILITY or FITNESS FOR A PARTICULAR PURPOSE.

configure:12303: $? = 0
configure:12292: g++ -v >&5
Using built-in specs.
COLLECT_GCC=g++
COLLECT_LTO_WRAPPER=/usr/libexec/gcc/x86_64-redhat-linux/4.8.5/lto-wrapper
Target: x86_64-redhat-linux
Configured with: ../configure --prefix=/usr --mandir=/usr/share/man --infodir=/usr/share/info --with-bugurl=http://bugzilla.redhat.com/bugzilla --enable-bootstrap --enable-shared --enable-threads=posix --enable-checking=release --with-system-zlib --enable-__cxa_atexit --disable-libunwind-exceptions --enable-gnu-unique-object --enable-linker-build-id --with-linker-hash-style=gnu --enable-languages=c,c++,objc,obj-c++,java,fortran,ada,go,lto --enable-plugin --enable-initfini-array --disable-libgcj --with-isl=/builddir/build/BUILD/gcc-4.8.5-20150702/obj-x86_64-redhat-linux/isl-install --with-cloog=/builddir/build/BUILD/gcc-4.8.5-20150702/obj-x86_64-redhat-linux/cloog-install --enable-gnu-indirect-function --with-tune=generic --with-arch_32=x86-64 --build=x86_64-redhat-linux
Thread model: posix
gcc version 4.8.5 20150623 (Red Hat 4.8.5-16) (GCC) 
configure:12303: $? = 0
configure:12292: g++ -V >&5
g++: error: unrecognized command line option '-V'
g++: fatal error: no input files
compilation terminated.
configure:12303: $? = 4
configure:12292: g++ -qversion >&5
g++: error: unrecognized command line option '-qversion'
g++: fatal error: no input files
compilation terminated.
configure:12303: $? = 4
configure:12307: checking whether we are using the GNU C++ compiler
configure:12335: result: yes
configure:12344: checking whether g++ accepts -g
configure:12405: result: yes
configure:12430: checking dependency style of g++
configure:12521: result: gcc3
configure:12544: checking how to run the C++ preprocessor
configure:12571: g++ -E  conftest.cpp
configure:12571: $? = 0
configure:12585: g++ -E  conftest.cpp
conftest.cpp:28:28: fatal error: ac_nonexistent.h: No such file or directory
 #include <ac_nonexistent.h>
                            ^
compilation terminated.
configure:12585: $? = 1
configure: failed program was:
| /* confdefs.h */
| #define PACKAGE_NAME "Clustal Omega"
| #define PACKAGE_TARNAME "clustal-omega"
| #define PACKAGE_VERSION "1.2.1"
| #define PACKAGE_STRING "Clustal Omega 1.2.1"
| #define PACKAGE_BUGREPORT "clustalw@ucd.ie"
| #define PACKAGE_URL ""
| #define PACKAGE "clustal-omega"
| #define VERSION "1.2.1"
| #define STDC_HEADERS 1
| #define HAVE_SYS_TYPES_H 1
| #define HAVE_SYS_STAT_H 1
| #define HAVE_STDLIB_H 1
| #define HAVE_STRING_H 1
| #define HAVE_MEMORY_H 1
| #define HAVE_STRINGS_H 1
| #define HAVE_INTTYPES_H 1
| #define HAVE_STDINT_H 1
| #define HAVE_UNISTD_H 1
| #define __EXTENSIONS__ 1
| #define _ALL_SOURCE 1
| #define _GNU_SOURCE 1
| #define _POSIX_PTHREAD_SEMANTICS 1
| #define _TANDEM_SOURCE 1
| #define HAVE_DLFCN_H 1
| #define LT_OBJDIR ".libs/"
| /* end confdefs.h.  */
| #include <ac_nonexistent.h>
configure:12610: result: g++ -E
configure:12630: g++ -E  conftest.cpp
configure:12630: $? = 0
configure:12644: g++ -E  conftest.cpp
conftest.cpp:28:28: fatal error: ac_nonexistent.h: No such file or directory
 #include <ac_nonexistent.h>
                            ^
compilation terminated.
configure:12644: $? = 1
configure: failed program was:
| /* confdefs.h */
| #define PACKAGE_NAME "Clustal Omega"
| #define PACKAGE_TARNAME "clustal-omega"
| #define PACKAGE_VERSION "1.2.1"
| #define PACKAGE_STRING "Clustal Omega 1.2.1"
| #define PACKAGE_BUGREPORT "clustalw@ucd.ie"
| #define PACKAGE_URL ""
| #define PACKAGE "clustal-omega"
| #define VERSION "1.2.1"
| #define STDC_HEADERS 1
| #define HAVE_SYS_TYPES_H 1
| #define HAVE_SYS_STAT_H 1
| #define HAVE_STDLIB_H 1
| #define HAVE_STRING_H 1
| #define HAVE_MEMORY_H 1
| #define HAVE_STRINGS_H 1
| #define HAVE_INTTYPES_H 1
| #define HAVE_STDINT_H 1
| #define HAVE_UNISTD_H 1
| #define __EXTENSIONS__ 1
| #define _ALL_SOURCE 1
| #define _GNU_SOURCE 1
| #define _POSIX_PTHREAD_SEMANTICS 1
| #define _TANDEM_SOURCE 1
| #define HAVE_DLFCN_H 1
| #define LT_OBJDIR ".libs/"
| /* end confdefs.h.  */
| #include <ac_nonexistent.h>
configure:12812: checking for ld used by g++
configure:12879: result: /usr/bin/ld -m elf_x86_64
configure:12886: checking if the linker (/usr/bin/ld -m elf_x86_64) is GNU ld
configure:12901: result: yes
configure:12956: checking whether the g++ linker (/usr/bin/ld -m elf_x86_64) supports shared libraries
configure:13869: result: yes
configure:13897: g++ -c -g -O2  conftest.cpp >&5
configure:13900: $? = 0
configure:14082: checking for g++ option to produce PIC
configure:14399: result: -fPIC -DPIC
configure:14408: checking if g++ PIC flag -fPIC -DPIC works
configure:14426: g++ -c -g -O2  -fPIC -DPIC -DPIC conftest.cpp >&5
configure:14430: $? = 0
configure:14443: result: yes
configure:14464: checking if g++ static flag -static works
configure:14492: result: no
configure:14504: checking if g++ supports -c -o file.o
configure:14525: g++ -c -g -O2  -o out/conftest2.o conftest.cpp >&5
configure:14529: $? = 0
configure:14551: result: yes
configure:14556: checking if g++ supports -c -o file.o
configure:14603: result: yes
configure:14633: checking whether the g++ linker (/usr/bin/ld -m elf_x86_64) supports shared libraries
configure:14662: result: yes
configure:14799: checking dynamic linker characteristics
configure:15180: g++ -o conftest -g -O2  -L/home/tot/taxontree/test/src/argtable2-13/lib -Wl,-rpath -Wl,/foo conftest.cpp  >&5
configure:15180: $? = 0
configure:15410: result: GNU/Linux ld.so
configure:15461: checking how to hardcode library paths into programs
configure:15486: result: immediate
configure:15531: checking how to run the C++ preprocessor
configure:15597: result: g++ -E
configure:15617: g++ -E  conftest.cpp
configure:15617: $? = 0
configure:15631: g++ -E  conftest.cpp
conftest.cpp:28:28: fatal error: ac_nonexistent.h: No such file or directory
 #include <ac_nonexistent.h>
                            ^
compilation terminated.
configure:15631: $? = 1
configure: failed program was:
| /* confdefs.h */
| #define PACKAGE_NAME "Clustal Omega"
| #define PACKAGE_TARNAME "clustal-omega"
| #define PACKAGE_VERSION "1.2.1"
| #define PACKAGE_STRING "Clustal Omega 1.2.1"
| #define PACKAGE_BUGREPORT "clustalw@ucd.ie"
| #define PACKAGE_URL ""
| #define PACKAGE "clustal-omega"
| #define VERSION "1.2.1"
| #define STDC_HEADERS 1
| #define HAVE_SYS_TYPES_H 1
| #define HAVE_SYS_STAT_H 1
| #define HAVE_STDLIB_H 1
| #define HAVE_STRING_H 1
| #define HAVE_MEMORY_H 1
| #define HAVE_STRINGS_H 1
| #define HAVE_INTTYPES_H 1
| #define HAVE_STDINT_H 1
| #define HAVE_UNISTD_H 1
| #define __EXTENSIONS__ 1
| #define _ALL_SOURCE 1
| #define _GNU_SOURCE 1
| #define _POSIX_PTHREAD_SEMANTICS 1
| #define _TANDEM_SOURCE 1
| #define HAVE_DLFCN_H 1
| #define LT_OBJDIR ".libs/"
| /* end confdefs.h.  */
| #include <ac_nonexistent.h>
configure:15812: checking for ANSI C header files
configure:15916: result: yes
configure:15928: checking assert.h usability
configure:15928: gcc -c -I/home/tot/taxontree/test/src/argtable2-13/include  conftest.c >&5
configure:15928: $? = 0
configure:15928: result: yes
configure:15928: checking assert.h presence
configure:15928: gcc -E  conftest.c
configure:15928: $? = 0
configure:15928: result: yes
configure:15928: checking for assert.h
configure:15928: result: yes
configure:15928: checking ctype.h usability
configure:15928: gcc -c -I/home/tot/taxontree/test/src/argtable2-13/include  conftest.c >&5
configure:15928: $? = 0
configure:15928: result: yes
configure:15928: checking ctype.h presence
configure:15928: gcc -E  conftest.c
configure:15928: $? = 0
configure:15928: result: yes
configure:15928: checking for ctype.h
configure:15928: result: yes
configure:15928: checking float.h usability
configure:15928: gcc -c -I/home/tot/taxontree/test/src/argtable2-13/include  conftest.c >&5
configure:15928: $? = 0
configure:15928: result: yes
configure:15928: checking float.h presence
configure:15928: gcc -E  conftest.c
configure:15928: $? = 0
configure:15928: result: yes
configure:15928: checking for float.h
configure:15928: result: yes
configure:15928: checking limits.h usability
configure:15928: gcc -c -I/home/tot/taxontree/test/src/argtable2-13/include  conftest.c >&5
configure:15928: $? = 0
configure:15928: result: yes
configure:15928: checking limits.h presence
configure:15928: gcc -E  conftest.c
configure:15928: $? = 0
configure:15928: result: yes
configure:15928: checking for limits.h
configure:15928: result: yes
configure:15928: checking math.h usability
configure:15928: gcc -c -I/home/tot/taxontree/test/src/argtable2-13/include  conftest.c >&5
configure:15928: $? = 0
configure:15928: result: yes
configure:15928: checking math.h presence
configure:15928: gcc -E  conftest.c
configure:15928: $? = 0
configure:15928: result: yes
configure:15928: checking for math.h
configure:15928: result: yes
configure:15928: checking for memory.h
configure:15928: result: yes
configure:15928: checking stdarg.h usability
configure:15928: gcc -c -I/home/tot/taxontree/test/src/argtable2-13/include  conftest.c >&5
configure:15928: $? = 0
configure:15928: result: yes
configure:15928: checking stdarg.h presence
configure:15928: gcc -E  conftest.c
configure:15928: $? = 0
configure:15928: result: yes
configure:15928: checking for stdarg.h
configure:15928: result: yes
configure:15928: checking stdio.h usability
configure:15928: gcc -c -I/home/tot/taxontree/test/src/argtable2-13/include  conftest.c >&5
configure:15928: $? = 0
configure:15928: result: yes
configure:15928: checking stdio.h presence
configure:15928: gcc -E  conftest.c
configure:15928: $? = 0
configure:15928: result: yes
configure:15928: checking for stdio.h
configure:15928: result: yes
configure:15928: checking for stdlib.h
configure:15928: result: yes
configure:15928: checking for string.h
configure:15928: result: yes
configure:15928: checking time.h usability
configure:15928: gcc -c -I/home/tot/taxontree/test/src/argtable2-13/include  conftest.c >&5
configure:15928: $? = 0
configure:15928: result: yes
configure:15928: checking time.h presence
configure:15928: gcc -E  conftest.c
configure:15928: $? = 0
configure:15928: result: yes
configure:15928: checking for time.h
configure:15928: result: yes
configure:15928: checking for unistd.h
configure:15928: result: yes
configure:15941: checking for an ANSI C-conforming const
configure:16007: gcc -c -I/home/tot/taxontree/test/src/argtable2-13/include  conftest.c >&5
configure:16007: $? = 0
configure:16014: result: yes
configure:16022: checking for size_t
configure:16022: gcc -c -I/home/tot/taxontree/test/src/argtable2-13/include  conftest.c >&5
configure:16022: $? = 0
configure:16022: gcc -c -I/home/tot/taxontree/test/src/argtable2-13/include  conftest.c >&5
conftest.c: In function 'main':
conftest.c:80:21: error: expected expression before ')' token
 if (sizeof ((size_t)))
                     ^
configure:16022: $? = 1
configure: failed program was:
| /* confdefs.h */
| #define PACKAGE_NAME "Clustal Omega"
| #define PACKAGE_TARNAME "clustal-omega"
| #define PACKAGE_VERSION "1.2.1"
| #define PACKAGE_STRING "Clustal Omega 1.2.1"
| #define PACKAGE_BUGREPORT "clustalw@ucd.ie"
| #define PACKAGE_URL ""
| #define PACKAGE "clustal-omega"
| #define VERSION "1.2.1"
| #define STDC_HEADERS 1
| #define HAVE_SYS_TYPES_H 1
| #define HAVE_SYS_STAT_H 1
| #define HAVE_STDLIB_H 1
| #define HAVE_STRING_H 1
| #define HAVE_MEMORY_H 1
| #define HAVE_STRINGS_H 1
| #define HAVE_INTTYPES_H 1
| #define HAVE_STDINT_H 1
| #define HAVE_UNISTD_H 1
| #define __EXTENSIONS__ 1
| #define _ALL_SOURCE 1
| #define _GNU_SOURCE 1
| #define _POSIX_PTHREAD_SEMANTICS 1
| #define _TANDEM_SOURCE 1
| #define HAVE_DLFCN_H 1
| #define LT_OBJDIR ".libs/"
| #define CLUSTALO 1
| #define PACKAGE_CODENAME "AndreaGiacomo"
| #define LINUX 1
| #define STDC_HEADERS 1
| #define HAVE_ASSERT_H 1
| #define HAVE_CTYPE_H 1
| #define HAVE_FLOAT_H 1
| #define HAVE_LIMITS_H 1
| #define HAVE_MATH_H 1
| #define HAVE_MEMORY_H 1
| #define HAVE_STDARG_H 1
| #define HAVE_STDIO_H 1
| #define HAVE_STDLIB_H 1
| #define HAVE_STRING_H 1
| #define HAVE_TIME_H 1
| #define HAVE_UNISTD_H 1
| /* end confdefs.h.  */
| #include <stdio.h>
| #ifdef HAVE_SYS_TYPES_H
| # include <sys/types.h>
| #endif
| #ifdef HAVE_SYS_STAT_H
| # include <sys/stat.h>
| #endif
| #ifdef STDC_HEADERS
| # include <stdlib.h>
| # include <stddef.h>
| #else
| # ifdef HAVE_STDLIB_H
| #  include <stdlib.h>
| # endif
| #endif
| #ifdef HAVE_STRING_H
| # if !defined STDC_HEADERS && defined HAVE_MEMORY_H
| #  include <memory.h>
| # endif
| # include <string.h>
| #endif
| #ifdef HAVE_STRINGS_H
| # include <strings.h>
| #endif
| #ifdef HAVE_INTTYPES_H
| # include <inttypes.h>
| #endif
| #ifdef HAVE_STDINT_H
| # include <stdint.h>
| #endif
| #ifdef HAVE_UNISTD_H
| # include <unistd.h>
| #endif
| int
| main ()
| {
| if (sizeof ((size_t)))
| 	    return 0;
|   ;
|   return 0;
| }
configure:16022: result: yes
configure:16033: checking for inline
configure:16049: gcc -c -I/home/tot/taxontree/test/src/argtable2-13/include  conftest.c >&5
configure:16049: $? = 0
configure:16057: result: inline
configure:16082: checking for log in -lm
configure:16107: gcc -o conftest -I/home/tot/taxontree/test/src/argtable2-13/include  -L/home/tot/taxontree/test/src/argtable2-13/lib conftest.c -lm   >&5
conftest.c:51:6: warning: conflicting types for built-in function 'log' [enabled by default]
 char log ();
      ^
configure:16107: $? = 0
configure:16116: result: yes
configure:16129: checking for log2 in -lm
configure:16154: gcc -o conftest -I/home/tot/taxontree/test/src/argtable2-13/include  -L/home/tot/taxontree/test/src/argtable2-13/lib conftest.c -lm  -lm  >&5
conftest.c:52:6: warning: conflicting types for built-in function 'log2' [enabled by default]
 char log2 ();
      ^
configure:16154: $? = 0
configure:16163: result: yes
configure:16178: checking argtable2.h usability
configure:16178: gcc -c -I/home/tot/taxontree/test/src/argtable2-13/include  conftest.c >&5
configure:16178: $? = 0
configure:16178: result: yes
configure:16178: checking argtable2.h presence
configure:16178: gcc -E  conftest.c
conftest.c:46:23: fatal error: argtable2.h: No such file or directory
 #include <argtable2.h>
                       ^
compilation terminated.
configure:16178: $? = 1
configure: failed program was:
| /* confdefs.h */
| #define PACKAGE_NAME "Clustal Omega"
| #define PACKAGE_TARNAME "clustal-omega"
| #define PACKAGE_VERSION "1.2.1"
| #define PACKAGE_STRING "Clustal Omega 1.2.1"
| #define PACKAGE_BUGREPORT "clustalw@ucd.ie"
| #define PACKAGE_URL ""
| #define PACKAGE "clustal-omega"
| #define VERSION "1.2.1"
| #define STDC_HEADERS 1
| #define HAVE_SYS_TYPES_H 1
| #define HAVE_SYS_STAT_H 1
| #define HAVE_STDLIB_H 1
| #define HAVE_STRING_H 1
| #define HAVE_MEMORY_H 1
| #define HAVE_STRINGS_H 1
| #define HAVE_INTTYPES_H 1
| #define HAVE_STDINT_H 1
| #define HAVE_UNISTD_H 1
| #define __EXTENSIONS__ 1
| #define _ALL_SOURCE 1
| #define _GNU_SOURCE 1
| #define _POSIX_PTHREAD_SEMANTICS 1
| #define _TANDEM_SOURCE 1
| #define HAVE_DLFCN_H 1
| #define LT_OBJDIR ".libs/"
| #define CLUSTALO 1
| #define PACKAGE_CODENAME "AndreaGiacomo"
| #define LINUX 1
| #define STDC_HEADERS 1
| #define HAVE_ASSERT_H 1
| #define HAVE_CTYPE_H 1
| #define HAVE_FLOAT_H 1
| #define HAVE_LIMITS_H 1
| #define HAVE_MATH_H 1
| #define HAVE_MEMORY_H 1
| #define HAVE_STDARG_H 1
| #define HAVE_STDIO_H 1
| #define HAVE_STDLIB_H 1
| #define HAVE_STRING_H 1
| #define HAVE_TIME_H 1
| #define HAVE_UNISTD_H 1
| #define HAVE_LIBM 1
| #define HAVE_LOG2 1
| /* end confdefs.h.  */
| #include <argtable2.h>
configure:16178: result: no
configure:16178: WARNING: argtable2.h: accepted by the compiler, rejected by the preprocessor!
configure:16178: WARNING: argtable2.h: proceeding with the compiler's result
configure:16178: checking for argtable2.h
configure:16178: result: yes
configure:16190: checking for arg_parse in -largtable2
configure:16215: gcc -o conftest -I/home/tot/taxontree/test/src/argtable2-13/include  -L/home/tot/taxontree/test/src/argtable2-13/lib conftest.c -largtable2  -lm  >&5
configure:16215: $? = 0
configure:16224: result: yes
configure:16375: checking for OpenMP flag of C compiler
configure:16411: gcc -o conftest -I/home/tot/taxontree/test/src/argtable2-13/include -fopenmp  -L/home/tot/taxontree/test/src/argtable2-13/lib conftest.c -largtable2 -lm  >&5
configure:16411: $? = 0
configure:16420: result: -fopenmp
configure:16465: checking whether byte ordering is bigendian
configure:16480: gcc -c -I/home/tot/taxontree/test/src/argtable2-13/include  conftest.c >&5
conftest.c:50:9: error: unknown type name 'not'
         not a universal capable compiler
         ^
conftest.c:50:15: error: expected '=', ',', ';', 'asm' or '__attribute__' before 'universal'
         not a universal capable compiler
               ^
conftest.c:50:15: error: unknown type name 'universal'
configure:16480: $? = 1
configure: failed program was:
| /* confdefs.h */
| #define PACKAGE_NAME "Clustal Omega"
| #define PACKAGE_TARNAME "clustal-omega"
| #define PACKAGE_VERSION "1.2.1"
| #define PACKAGE_STRING "Clustal Omega 1.2.1"
| #define PACKAGE_BUGREPORT "clustalw@ucd.ie"
| #define PACKAGE_URL ""
| #define PACKAGE "clustal-omega"
| #define VERSION "1.2.1"
| #define STDC_HEADERS 1
| #define HAVE_SYS_TYPES_H 1
| #define HAVE_SYS_STAT_H 1
| #define HAVE_STDLIB_H 1
| #define HAVE_STRING_H 1
| #define HAVE_MEMORY_H 1
| #define HAVE_STRINGS_H 1
| #define HAVE_INTTYPES_H 1
| #define HAVE_STDINT_H 1
| #define HAVE_UNISTD_H 1
| #define __EXTENSIONS__ 1
| #define _ALL_SOURCE 1
| #define _GNU_SOURCE 1
| #define _POSIX_PTHREAD_SEMANTICS 1
| #define _TANDEM_SOURCE 1
| #define HAVE_DLFCN_H 1
| #define LT_OBJDIR ".libs/"
| #define CLUSTALO 1
| #define PACKAGE_CODENAME "AndreaGiacomo"
| #define LINUX 1
| #define STDC_HEADERS 1
| #define HAVE_ASSERT_H 1
| #define HAVE_CTYPE_H 1
| #define HAVE_FLOAT_H 1
| #define HAVE_LIMITS_H 1
| #define HAVE_MATH_H 1
| #define HAVE_MEMORY_H 1
| #define HAVE_STDARG_H 1
| #define HAVE_STDIO_H 1
| #define HAVE_STDLIB_H 1
| #define HAVE_STRING_H 1
| #define HAVE_TIME_H 1
| #define HAVE_UNISTD_H 1
| #define HAVE_LIBM 1
| #define HAVE_LOG2 1
| #define HAVE_ARGTABLE2_H 1
| #define HAVE_LIBARGTABLE2 1
| #define HAVE_OPENMP 1
| /* end confdefs.h.  */
| #ifndef __APPLE_CC__
| 	       not a universal capable compiler
| 	     #endif
| 	     typedef int dummy;
| 
configure:16525: gcc -c -I/home/tot/taxontree/test/src/argtable2-13/include  conftest.c >&5
configure:16525: $? = 0
configure:16543: gcc -c -I/home/tot/taxontree/test/src/argtable2-13/include  conftest.c >&5
conftest.c: In function 'main':
conftest.c:56:4: error: unknown type name 'not'
    not big endian
    ^
conftest.c:56:12: error: expected '=', ',', ';', 'asm' or '__attribute__' before 'endian'
    not big endian
            ^
configure:16543: $? = 1
configure: failed program was:
| /* confdefs.h */
| #define PACKAGE_NAME "Clustal Omega"
| #define PACKAGE_TARNAME "clustal-omega"
| #define PACKAGE_VERSION "1.2.1"
| #define PACKAGE_STRING "Clustal Omega 1.2.1"
| #define PACKAGE_BUGREPORT "clustalw@ucd.ie"
| #define PACKAGE_URL ""
| #define PACKAGE "clustal-omega"
| #define VERSION "1.2.1"
| #define STDC_HEADERS 1
| #define HAVE_SYS_TYPES_H 1
| #define HAVE_SYS_STAT_H 1
| #define HAVE_STDLIB_H 1
| #define HAVE_STRING_H 1
| #define HAVE_MEMORY_H 1
| #define HAVE_STRINGS_H 1
| #define HAVE_INTTYPES_H 1
| #define HAVE_STDINT_H 1
| #define HAVE_UNISTD_H 1
| #define __EXTENSIONS__ 1
| #define _ALL_SOURCE 1
| #define _GNU_SOURCE 1
| #define _POSIX_PTHREAD_SEMANTICS 1
| #define _TANDEM_SOURCE 1
| #define HAVE_DLFCN_H 1
| #define LT_OBJDIR ".libs/"
| #define CLUSTALO 1
| #define PACKAGE_CODENAME "AndreaGiacomo"
| #define LINUX 1
| #define STDC_HEADERS 1
| #define HAVE_ASSERT_H 1
| #define HAVE_CTYPE_H 1
| #define HAVE_FLOAT_H 1
| #define HAVE_LIMITS_H 1
| #define HAVE_MATH_H 1
| #define HAVE_MEMORY_H 1
| #define HAVE_STDARG_H 1
| #define HAVE_STDIO_H 1
| #define HAVE_STDLIB_H 1
| #define HAVE_STRING_H 1
| #define HAVE_TIME_H 1
| #define HAVE_UNISTD_H 1
| #define HAVE_LIBM 1
| #define HAVE_LOG2 1
| #define HAVE_ARGTABLE2_H 1
| #define HAVE_LIBARGTABLE2 1
| #define HAVE_OPENMP 1
| /* end confdefs.h.  */
| #include <sys/types.h>
| 		#include <sys/param.h>
| 
| int
| main ()
| {
| #if BYTE_ORDER != BIG_ENDIAN
| 		 not big endian
| 		#endif
| 
|   ;
|   return 0;
| }
configure:16671: result: no
configure:16692: checking for ntohs
configure:16692: gcc -o conftest -I/home/tot/taxontree/test/src/argtable2-13/include  -L/home/tot/taxontree/test/src/argtable2-13/lib conftest.c -largtable2 -lm  >&5
configure:16692: $? = 0
configure:16692: result: yes
configure:16692: checking for ntohl
configure:16692: gcc -o conftest -I/home/tot/taxontree/test/src/argtable2-13/include  -L/home/tot/taxontree/test/src/argtable2-13/lib conftest.c -largtable2 -lm  >&5
configure:16692: $? = 0
configure:16692: result: yes
configure:16692: checking for ntons
configure:16692: gcc -o conftest -I/home/tot/taxontree/test/src/argtable2-13/include  -L/home/tot/taxontree/test/src/argtable2-13/lib conftest.c -largtable2 -lm  >&5
/tmp/ccN5Bs5s.o: In function `main':
conftest.c:(.text+0xa): undefined reference to `ntons'
collect2: error: ld returned 1 exit status
configure:16692: $? = 1
configure: failed program was:
| /* confdefs.h */
| #define PACKAGE_NAME "Clustal Omega"
| #define PACKAGE_TARNAME "clustal-omega"
| #define PACKAGE_VERSION "1.2.1"
| #define PACKAGE_STRING "Clustal Omega 1.2.1"
| #define PACKAGE_BUGREPORT "clustalw@ucd.ie"
| #define PACKAGE_URL ""
| #define PACKAGE "clustal-omega"
| #define VERSION "1.2.1"
| #define STDC_HEADERS 1
| #define HAVE_SYS_TYPES_H 1
| #define HAVE_SYS_STAT_H 1
| #define HAVE_STDLIB_H 1
| #define HAVE_STRING_H 1
| #define HAVE_MEMORY_H 1
| #define HAVE_STRINGS_H 1
| #define HAVE_INTTYPES_H 1
| #define HAVE_STDINT_H 1
| #define HAVE_UNISTD_H 1
| #define __EXTENSIONS__ 1
| #define _ALL_SOURCE 1
| #define _GNU_SOURCE 1
| #define _POSIX_PTHREAD_SEMANTICS 1
| #define _TANDEM_SOURCE 1
| #define HAVE_DLFCN_H 1
| #define LT_OBJDIR ".libs/"
| #define CLUSTALO 1
| #define PACKAGE_CODENAME "AndreaGiacomo"
| #define LINUX 1
| #define STDC_HEADERS 1
| #define HAVE_ASSERT_H 1
| #define HAVE_CTYPE_H 1
| #define HAVE_FLOAT_H 1
| #define HAVE_LIMITS_H 1
| #define HAVE_MATH_H 1
| #define HAVE_MEMORY_H 1
| #define HAVE_STDARG_H 1
| #define HAVE_STDIO_H 1
| #define HAVE_STDLIB_H 1
| #define HAVE_STRING_H 1
| #define HAVE_TIME_H 1
| #define HAVE_UNISTD_H 1
| #define HAVE_LIBM 1
| #define HAVE_LOG2 1
| #define HAVE_ARGTABLE2_H 1
| #define HAVE_LIBARGTABLE2 1
| #define HAVE_OPENMP 1
| #define HAVE_NTOHS 1
| #define HAVE_NTOHL 1
| /* end confdefs.h.  */
| /* Define ntons to an innocuous variant, in case <limits.h> declares ntons.
|    For example, HP-UX 11i <limits.h> declares gettimeofday.  */
| #define ntons innocuous_ntons
| 
| /* System header to define __stub macros and hopefully few prototypes,
|     which can conflict with char ntons (); below.
|     Prefer <limits.h> to <assert.h> if __STDC__ is defined, since
|     <limits.h> exists even on freestanding compilers.  */
| 
| #ifdef __STDC__
| # include <limits.h>
| #else
| # include <assert.h>
| #endif
| 
| #undef ntons
| 
| /* Override any GCC internal prototype to avoid an error.
|    Use char because int might match the return type of a GCC
|    builtin and then its argument prototype would still apply.  */
| #ifdef __cplusplus
| extern "C"
| #endif
| char ntons ();
| /* The GNU C library defines this for functions which it implements
|     to always fail with ENOSYS.  Some functions are actually named
|     something starting with __ and the normal name is an alias.  */
| #if defined __stub_ntons || defined __stub___ntons
| choke me
| #endif
| 
| int
| main ()
| {
| return ntons ();
|   ;
|   return 0;
| }
configure:16692: result: no
configure:16692: checking for ntonl
configure:16692: gcc -o conftest -I/home/tot/taxontree/test/src/argtable2-13/include  -L/home/tot/taxontree/test/src/argtable2-13/lib conftest.c -largtable2 -lm  >&5
/tmp/ccYEK95o.o: In function `main':
conftest.c:(.text+0xa): undefined reference to `ntonl'
collect2: error: ld returned 1 exit status
configure:16692: $? = 1
configure: failed program was:
| /* confdefs.h */
| #define PACKAGE_NAME "Clustal Omega"
| #define PACKAGE_TARNAME "clustal-omega"
| #define PACKAGE_VERSION "1.2.1"
| #define PACKAGE_STRING "Clustal Omega 1.2.1"
| #define PACKAGE_BUGREPORT "clustalw@ucd.ie"
| #define PACKAGE_URL ""
| #define PACKAGE "clustal-omega"
| #define VERSION "1.2.1"
| #define STDC_HEADERS 1
| #define HAVE_SYS_TYPES_H 1
| #define HAVE_SYS_STAT_H 1
| #define HAVE_STDLIB_H 1
| #define HAVE_STRING_H 1
| #define HAVE_MEMORY_H 1
| #define HAVE_STRINGS_H 1
| #define HAVE_INTTYPES_H 1
| #define HAVE_STDINT_H 1
| #define HAVE_UNISTD_H 1
| #define __EXTENSIONS__ 1
| #define _ALL_SOURCE 1
| #define _GNU_SOURCE 1
| #define _POSIX_PTHREAD_SEMANTICS 1
| #define _TANDEM_SOURCE 1
| #define HAVE_DLFCN_H 1
| #define LT_OBJDIR ".libs/"
| #define CLUSTALO 1
| #define PACKAGE_CODENAME "AndreaGiacomo"
| #define LINUX 1
| #define STDC_HEADERS 1
| #define HAVE_ASSERT_H 1
| #define HAVE_CTYPE_H 1
| #define HAVE_FLOAT_H 1
| #define HAVE_LIMITS_H 1
| #define HAVE_MATH_H 1
| #define HAVE_MEMORY_H 1
| #define HAVE_STDARG_H 1
| #define HAVE_STDIO_H 1
| #define HAVE_STDLIB_H 1
| #define HAVE_STRING_H 1
| #define HAVE_TIME_H 1
| #define HAVE_UNISTD_H 1
| #define HAVE_LIBM 1
| #define HAVE_LOG2 1
| #define HAVE_ARGTABLE2_H 1
| #define HAVE_LIBARGTABLE2 1
| #define HAVE_OPENMP 1
| #define HAVE_NTOHS 1
| #define HAVE_NTOHL 1
| /* end confdefs.h.  */
| /* Define ntonl to an innocuous variant, in case <limits.h> declares ntonl.
|    For example, HP-UX 11i <limits.h> declares gettimeofday.  */
| #define ntonl innocuous_ntonl
| 
| /* System header to define __stub macros and hopefully few prototypes,
|     which can conflict with char ntonl (); below.
|     Prefer <limits.h> to <assert.h> if __STDC__ is defined, since
|     <limits.h> exists even on freestanding compilers.  */
| 
| #ifdef __STDC__
| # include <limits.h>
| #else
| # include <assert.h>
| #endif
| 
| #undef ntonl
| 
| /* Override any GCC internal prototype to avoid an error.
|    Use char because int might match the return type of a GCC
|    builtin and then its argument prototype would still apply.  */
| #ifdef __cplusplus
| extern "C"
| #endif
| char ntonl ();
| /* The GNU C library defines this for functions which it implements
|     to always fail with ENOSYS.  Some functions are actually named
|     something starting with __ and the normal name is an alias.  */
| #if defined __stub_ntonl || defined __stub___ntonl
| choke me
| #endif
| 
| int
| main ()
| {
| return ntonl ();
|   ;
|   return 0;
| }
configure:16692: result: no
configure:16706: checking size of unsigned short
configure:16711: gcc -o conftest -I/home/tot/taxontree/test/src/argtable2-13/include  -L/home/tot/taxontree/test/src/argtable2-13/lib conftest.c -largtable2 -lm  >&5
configure:16711: $? = 0
configure:16711: ./conftest
./conftest: error while loading shared libraries: libargtable2.so.0: cannot open shared object file: No such file or directory
configure:16711: $? = 127
configure: program exited with status 127
configure: failed program was:
| /* confdefs.h */
| #define PACKAGE_NAME "Clustal Omega"
| #define PACKAGE_TARNAME "clustal-omega"
| #define PACKAGE_VERSION "1.2.1"
| #define PACKAGE_STRING "Clustal Omega 1.2.1"
| #define PACKAGE_BUGREPORT "clustalw@ucd.ie"
| #define PACKAGE_URL ""
| #define PACKAGE "clustal-omega"
| #define VERSION "1.2.1"
| #define STDC_HEADERS 1
| #define HAVE_SYS_TYPES_H 1
| #define HAVE_SYS_STAT_H 1
| #define HAVE_STDLIB_H 1
| #define HAVE_STRING_H 1
| #define HAVE_MEMORY_H 1
| #define HAVE_STRINGS_H 1
| #define HAVE_INTTYPES_H 1
| #define HAVE_STDINT_H 1
| #define HAVE_UNISTD_H 1
| #define __EXTENSIONS__ 1
| #define _ALL_SOURCE 1
| #define _GNU_SOURCE 1
| #define _POSIX_PTHREAD_SEMANTICS 1
| #define _TANDEM_SOURCE 1
| #define HAVE_DLFCN_H 1
| #define LT_OBJDIR ".libs/"
| #define CLUSTALO 1
| #define PACKAGE_CODENAME "AndreaGiacomo"
| #define LINUX 1
| #define STDC_HEADERS 1
| #define HAVE_ASSERT_H 1
| #define HAVE_CTYPE_H 1
| #define HAVE_FLOAT_H 1
| #define HAVE_LIMITS_H 1
| #define HAVE_MATH_H 1
| #define HAVE_MEMORY_H 1
| #define HAVE_STDARG_H 1
| #define HAVE_STDIO_H 1
| #define HAVE_STDLIB_H 1
| #define HAVE_STRING_H 1
| #define HAVE_TIME_H 1
| #define HAVE_UNISTD_H 1
| #define HAVE_LIBM 1
| #define HAVE_LOG2 1
| #define HAVE_ARGTABLE2_H 1
| #define HAVE_LIBARGTABLE2 1
| #define HAVE_OPENMP 1
| #define HAVE_NTOHS 1
| #define HAVE_NTOHL 1
| /* end confdefs.h.  */
| #include <stdio.h>
| #ifdef HAVE_SYS_TYPES_H
| # include <sys/types.h>
| #endif
| #ifdef HAVE_SYS_STAT_H
| # include <sys/stat.h>
| #endif
| #ifdef STDC_HEADERS
| # include <stdlib.h>
| # include <stddef.h>
| #else
| # ifdef HAVE_STDLIB_H
| #  include <stdlib.h>
| # endif
| #endif
| #ifdef HAVE_STRING_H
| # if !defined STDC_HEADERS && defined HAVE_MEMORY_H
| #  include <memory.h>
| # endif
| # include <string.h>
| #endif
| #ifdef HAVE_STRINGS_H
| # include <strings.h>
| #endif
| #ifdef HAVE_INTTYPES_H
| # include <inttypes.h>
| #endif
| #ifdef HAVE_STDINT_H
| # include <stdint.h>
| #endif
| #ifdef HAVE_UNISTD_H
| # include <unistd.h>
| #endif
| static long int longval () { return (long int) (sizeof (unsigned short)); }
| static unsigned long int ulongval () { return (long int) (sizeof (unsigned short)); }
| #include <stdio.h>
| #include <stdlib.h>
| int
| main ()
| {
| 
|   FILE *f = fopen ("conftest.val", "w");
|   if (! f)
|     return 1;
|   if (((long int) (sizeof (unsigned short))) < 0)
|     {
|       long int i = longval ();
|       if (i != ((long int) (sizeof (unsigned short))))
| 	return 1;
|       fprintf (f, "%ld", i);
|     }
|   else
|     {
|       unsigned long int i = ulongval ();
|       if (i != ((long int) (sizeof (unsigned short))))
| 	return 1;
|       fprintf (f, "%lu", i);
|     }
|   /* Do not output a trailing newline, as this causes \r\n confusion
|      on some platforms.  */
|   return ferror (f) || fclose (f) != 0;
| 
|   ;
|   return 0;
| }
configure:16725: result: 0
configure:16739: checking size of unsigned int
configure:16744: gcc -o conftest -I/home/tot/taxontree/test/src/argtable2-13/include  -L/home/tot/taxontree/test/src/argtable2-13/lib conftest.c -largtable2 -lm  >&5
configure:16744: $? = 0
configure:16744: ./conftest
./conftest: error while loading shared libraries: libargtable2.so.0: cannot open shared object file: No such file or directory
configure:16744: $? = 127
configure: program exited with status 127
configure: failed program was:
| /* confdefs.h */
| #define PACKAGE_NAME "Clustal Omega"
| #define PACKAGE_TARNAME "clustal-omega"
| #define PACKAGE_VERSION "1.2.1"
| #define PACKAGE_STRING "Clustal Omega 1.2.1"
| #define PACKAGE_BUGREPORT "clustalw@ucd.ie"
| #define PACKAGE_URL ""
| #define PACKAGE "clustal-omega"
| #define VERSION "1.2.1"
| #define STDC_HEADERS 1
| #define HAVE_SYS_TYPES_H 1
| #define HAVE_SYS_STAT_H 1
| #define HAVE_STDLIB_H 1
| #define HAVE_STRING_H 1
| #define HAVE_MEMORY_H 1
| #define HAVE_STRINGS_H 1
| #define HAVE_INTTYPES_H 1
| #define HAVE_STDINT_H 1
| #define HAVE_UNISTD_H 1
| #define __EXTENSIONS__ 1
| #define _ALL_SOURCE 1
| #define _GNU_SOURCE 1
| #define _POSIX_PTHREAD_SEMANTICS 1
| #define _TANDEM_SOURCE 1
| #define HAVE_DLFCN_H 1
| #define LT_OBJDIR ".libs/"
| #define CLUSTALO 1
| #define PACKAGE_CODENAME "AndreaGiacomo"
| #define LINUX 1
| #define STDC_HEADERS 1
| #define HAVE_ASSERT_H 1
| #define HAVE_CTYPE_H 1
| #define HAVE_FLOAT_H 1
| #define HAVE_LIMITS_H 1
| #define HAVE_MATH_H 1
| #define HAVE_MEMORY_H 1
| #define HAVE_STDARG_H 1
| #define HAVE_STDIO_H 1
| #define HAVE_STDLIB_H 1
| #define HAVE_STRING_H 1
| #define HAVE_TIME_H 1
| #define HAVE_UNISTD_H 1
| #define HAVE_LIBM 1
| #define HAVE_LOG2 1
| #define HAVE_ARGTABLE2_H 1
| #define HAVE_LIBARGTABLE2 1
| #define HAVE_OPENMP 1
| #define HAVE_NTOHS 1
| #define HAVE_NTOHL 1
| #define SIZEOF_UNSIGNED_SHORT 0
| /* end confdefs.h.  */
| #include <stdio.h>
| #ifdef HAVE_SYS_TYPES_H
| # include <sys/types.h>
| #endif
| #ifdef HAVE_SYS_STAT_H
| # include <sys/stat.h>
| #endif
| #ifdef STDC_HEADERS
| # include <stdlib.h>
| # include <stddef.h>
| #else
| # ifdef HAVE_STDLIB_H
| #  include <stdlib.h>
| # endif
| #endif
| #ifdef HAVE_STRING_H
| # if !defined STDC_HEADERS && defined HAVE_MEMORY_H
| #  include <memory.h>
| # endif
| # include <string.h>
| #endif
| #ifdef HAVE_STRINGS_H
| # include <strings.h>
| #endif
| #ifdef HAVE_INTTYPES_H
| # include <inttypes.h>
| #endif
| #ifdef HAVE_STDINT_H
| # include <stdint.h>
| #endif
| #ifdef HAVE_UNISTD_H
| # include <unistd.h>
| #endif
| static long int longval () { return (long int) (sizeof (unsigned int)); }
| static unsigned long int ulongval () { return (long int) (sizeof (unsigned int)); }
| #include <stdio.h>
| #include <stdlib.h>
| int
| main ()
| {
| 
|   FILE *f = fopen ("conftest.val", "w");
|   if (! f)
|     return 1;
|   if (((long int) (sizeof (unsigned int))) < 0)
|     {
|       long int i = longval ();
|       if (i != ((long int) (sizeof (unsigned int))))
| 	return 1;
|       fprintf (f, "%ld", i);
|     }
|   else
|     {
|       unsigned long int i = ulongval ();
|       if (i != ((long int) (sizeof (unsigned int))))
| 	return 1;
|       fprintf (f, "%lu", i);
|     }
|   /* Do not output a trailing newline, as this causes \r\n confusion
|      on some platforms.  */
|   return ferror (f) || fclose (f) != 0;
| 
|   ;
|   return 0;
| }
configure:16758: result: 0
configure:16772: checking size of unsigned long
configure:16777: gcc -o conftest -I/home/tot/taxontree/test/src/argtable2-13/include  -L/home/tot/taxontree/test/src/argtable2-13/lib conftest.c -largtable2 -lm  >&5
configure:16777: $? = 0
configure:16777: ./conftest
./conftest: error while loading shared libraries: libargtable2.so.0: cannot open shared object file: No such file or directory
configure:16777: $? = 127
configure: program exited with status 127
configure: failed program was:
| /* confdefs.h */
| #define PACKAGE_NAME "Clustal Omega"
| #define PACKAGE_TARNAME "clustal-omega"
| #define PACKAGE_VERSION "1.2.1"
| #define PACKAGE_STRING "Clustal Omega 1.2.1"
| #define PACKAGE_BUGREPORT "clustalw@ucd.ie"
| #define PACKAGE_URL ""
| #define PACKAGE "clustal-omega"
| #define VERSION "1.2.1"
| #define STDC_HEADERS 1
| #define HAVE_SYS_TYPES_H 1
| #define HAVE_SYS_STAT_H 1
| #define HAVE_STDLIB_H 1
| #define HAVE_STRING_H 1
| #define HAVE_MEMORY_H 1
| #define HAVE_STRINGS_H 1
| #define HAVE_INTTYPES_H 1
| #define HAVE_STDINT_H 1
| #define HAVE_UNISTD_H 1
| #define __EXTENSIONS__ 1
| #define _ALL_SOURCE 1
| #define _GNU_SOURCE 1
| #define _POSIX_PTHREAD_SEMANTICS 1
| #define _TANDEM_SOURCE 1
| #define HAVE_DLFCN_H 1
| #define LT_OBJDIR ".libs/"
| #define CLUSTALO 1
| #define PACKAGE_CODENAME "AndreaGiacomo"
| #define LINUX 1
| #define STDC_HEADERS 1
| #define HAVE_ASSERT_H 1
| #define HAVE_CTYPE_H 1
| #define HAVE_FLOAT_H 1
| #define HAVE_LIMITS_H 1
| #define HAVE_MATH_H 1
| #define HAVE_MEMORY_H 1
| #define HAVE_STDARG_H 1
| #define HAVE_STDIO_H 1
| #define HAVE_STDLIB_H 1
| #define HAVE_STRING_H 1
| #define HAVE_TIME_H 1
| #define HAVE_UNISTD_H 1
| #define HAVE_LIBM 1
| #define HAVE_LOG2 1
| #define HAVE_ARGTABLE2_H 1
| #define HAVE_LIBARGTABLE2 1
| #define HAVE_OPENMP 1
| #define HAVE_NTOHS 1
| #define HAVE_NTOHL 1
| #define SIZEOF_UNSIGNED_SHORT 0
| #define SIZEOF_UNSIGNED_INT 0
| /* end confdefs.h.  */
| #include <stdio.h>
| #ifdef HAVE_SYS_TYPES_H
| # include <sys/types.h>
| #endif
| #ifdef HAVE_SYS_STAT_H
| # include <sys/stat.h>
| #endif
| #ifdef STDC_HEADERS
| # include <stdlib.h>
| # include <stddef.h>
| #else
| # ifdef HAVE_STDLIB_H
| #  include <stdlib.h>
| # endif
| #endif
| #ifdef HAVE_STRING_H
| # if !defined STDC_HEADERS && defined HAVE_MEMORY_H
| #  include <memory.h>
| # endif
| # include <string.h>
| #endif
| #ifdef HAVE_STRINGS_H
| # include <strings.h>
| #endif
| #ifdef HAVE_INTTYPES_H
| # include <inttypes.h>
| #endif
| #ifdef HAVE_STDINT_H
| # include <stdint.h>
| #endif
| #ifdef HAVE_UNISTD_H
| # include <unistd.h>
| #endif
| static long int longval () { return (long int) (sizeof (unsigned long)); }
| static unsigned long int ulongval () { return (long int) (sizeof (unsigned long)); }
| #include <stdio.h>
| #include <stdlib.h>
| int
| main ()
| {
| 
|   FILE *f = fopen ("conftest.val", "w");
|   if (! f)
|     return 1;
|   if (((long int) (sizeof (unsigned long))) < 0)
|     {
|       long int i = longval ();
|       if (i != ((long int) (sizeof (unsigned long))))
| 	return 1;
|       fprintf (f, "%ld", i);
|     }
|   else
|     {
|       unsigned long int i = ulongval ();
|       if (i != ((long int) (sizeof (unsigned long))))
| 	return 1;
|       fprintf (f, "%lu", i);
|     }
|   /* Do not output a trailing newline, as this causes \r\n confusion
|      on some platforms.  */
|   return ferror (f) || fclose (f) != 0;
| 
|   ;
|   return 0;
| }
configure:16791: result: 0
configure:16805: checking size of unsigned long long
configure:16810: gcc -o conftest -I/home/tot/taxontree/test/src/argtable2-13/include  -L/home/tot/taxontree/test/src/argtable2-13/lib conftest.c -largtable2 -lm  >&5
configure:16810: $? = 0
configure:16810: ./conftest
./conftest: error while loading shared libraries: libargtable2.so.0: cannot open shared object file: No such file or directory
configure:16810: $? = 127
configure: program exited with status 127
configure: failed program was:
| /* confdefs.h */
| #define PACKAGE_NAME "Clustal Omega"
| #define PACKAGE_TARNAME "clustal-omega"
| #define PACKAGE_VERSION "1.2.1"
| #define PACKAGE_STRING "Clustal Omega 1.2.1"
| #define PACKAGE_BUGREPORT "clustalw@ucd.ie"
| #define PACKAGE_URL ""
| #define PACKAGE "clustal-omega"
| #define VERSION "1.2.1"
| #define STDC_HEADERS 1
| #define HAVE_SYS_TYPES_H 1
| #define HAVE_SYS_STAT_H 1
| #define HAVE_STDLIB_H 1
| #define HAVE_STRING_H 1
| #define HAVE_MEMORY_H 1
| #define HAVE_STRINGS_H 1
| #define HAVE_INTTYPES_H 1
| #define HAVE_STDINT_H 1
| #define HAVE_UNISTD_H 1
| #define __EXTENSIONS__ 1
| #define _ALL_SOURCE 1
| #define _GNU_SOURCE 1
| #define _POSIX_PTHREAD_SEMANTICS 1
| #define _TANDEM_SOURCE 1
| #define HAVE_DLFCN_H 1
| #define LT_OBJDIR ".libs/"
| #define CLUSTALO 1
| #define PACKAGE_CODENAME "AndreaGiacomo"
| #define LINUX 1
| #define STDC_HEADERS 1
| #define HAVE_ASSERT_H 1
| #define HAVE_CTYPE_H 1
| #define HAVE_FLOAT_H 1
| #define HAVE_LIMITS_H 1
| #define HAVE_MATH_H 1
| #define HAVE_MEMORY_H 1
| #define HAVE_STDARG_H 1
| #define HAVE_STDIO_H 1
| #define HAVE_STDLIB_H 1
| #define HAVE_STRING_H 1
| #define HAVE_TIME_H 1
| #define HAVE_UNISTD_H 1
| #define HAVE_LIBM 1
| #define HAVE_LOG2 1
| #define HAVE_ARGTABLE2_H 1
| #define HAVE_LIBARGTABLE2 1
| #define HAVE_OPENMP 1
| #define HAVE_NTOHS 1
| #define HAVE_NTOHL 1
| #define SIZEOF_UNSIGNED_SHORT 0
| #define SIZEOF_UNSIGNED_INT 0
| #define SIZEOF_UNSIGNED_LONG 0
| /* end confdefs.h.  */
| #include <stdio.h>
| #ifdef HAVE_SYS_TYPES_H
| # include <sys/types.h>
| #endif
| #ifdef HAVE_SYS_STAT_H
| # include <sys/stat.h>
| #endif
| #ifdef STDC_HEADERS
| # include <stdlib.h>
| # include <stddef.h>
| #else
| # ifdef HAVE_STDLIB_H
| #  include <stdlib.h>
| # endif
| #endif
| #ifdef HAVE_STRING_H
| # if !defined STDC_HEADERS && defined HAVE_MEMORY_H
| #  include <memory.h>
| # endif
| # include <string.h>
| #endif
| #ifdef HAVE_STRINGS_H
| # include <strings.h>
| #endif
| #ifdef HAVE_INTTYPES_H
| # include <inttypes.h>
| #endif
| #ifdef HAVE_STDINT_H
| # include <stdint.h>
| #endif
| #ifdef HAVE_UNISTD_H
| # include <unistd.h>
| #endif
| static long int longval () { return (long int) (sizeof (unsigned long long)); }
| static unsigned long int ulongval () { return (long int) (sizeof (unsigned long long)); }
| #include <stdio.h>
| #include <stdlib.h>
| int
| main ()
| {
| 
|   FILE *f = fopen ("conftest.val", "w");
|   if (! f)
|     return 1;
|   if (((long int) (sizeof (unsigned long long))) < 0)
|     {
|       long int i = longval ();
|       if (i != ((long int) (sizeof (unsigned long long))))
| 	return 1;
|       fprintf (f, "%ld", i);
|     }
|   else
|     {
|       unsigned long int i = ulongval ();
|       if (i != ((long int) (sizeof (unsigned long long))))
| 	return 1;
|       fprintf (f, "%lu", i);
|     }
|   /* Do not output a trailing newline, as this causes \r\n confusion
|      on some platforms.  */
|   return ferror (f) || fclose (f) != 0;
| 
|   ;
|   return 0;
| }
configure:16824: result: 0
configure:16838: checking for stroul
configure:16838: gcc -o conftest -I/home/tot/taxontree/test/src/argtable2-13/include  -L/home/tot/taxontree/test/src/argtable2-13/lib conftest.c -largtable2 -lm  >&5
/tmp/ccTVmoCZ.o: In function `main':
conftest.c:(.text+0xa): undefined reference to `stroul'
collect2: error: ld returned 1 exit status
configure:16838: $? = 1
configure: failed program was:
| /* confdefs.h */
| #define PACKAGE_NAME "Clustal Omega"
| #define PACKAGE_TARNAME "clustal-omega"
| #define PACKAGE_VERSION "1.2.1"
| #define PACKAGE_STRING "Clustal Omega 1.2.1"
| #define PACKAGE_BUGREPORT "clustalw@ucd.ie"
| #define PACKAGE_URL ""
| #define PACKAGE "clustal-omega"
| #define VERSION "1.2.1"
| #define STDC_HEADERS 1
| #define HAVE_SYS_TYPES_H 1
| #define HAVE_SYS_STAT_H 1
| #define HAVE_STDLIB_H 1
| #define HAVE_STRING_H 1
| #define HAVE_MEMORY_H 1
| #define HAVE_STRINGS_H 1
| #define HAVE_INTTYPES_H 1
| #define HAVE_STDINT_H 1
| #define HAVE_UNISTD_H 1
| #define __EXTENSIONS__ 1
| #define _ALL_SOURCE 1
| #define _GNU_SOURCE 1
| #define _POSIX_PTHREAD_SEMANTICS 1
| #define _TANDEM_SOURCE 1
| #define HAVE_DLFCN_H 1
| #define LT_OBJDIR ".libs/"
| #define CLUSTALO 1
| #define PACKAGE_CODENAME "AndreaGiacomo"
| #define LINUX 1
| #define STDC_HEADERS 1
| #define HAVE_ASSERT_H 1
| #define HAVE_CTYPE_H 1
| #define HAVE_FLOAT_H 1
| #define HAVE_LIMITS_H 1
| #define HAVE_MATH_H 1
| #define HAVE_MEMORY_H 1
| #define HAVE_STDARG_H 1
| #define HAVE_STDIO_H 1
| #define HAVE_STDLIB_H 1
| #define HAVE_STRING_H 1
| #define HAVE_TIME_H 1
| #define HAVE_UNISTD_H 1
| #define HAVE_LIBM 1
| #define HAVE_LOG2 1
| #define HAVE_ARGTABLE2_H 1
| #define HAVE_LIBARGTABLE2 1
| #define HAVE_OPENMP 1
| #define HAVE_NTOHS 1
| #define HAVE_NTOHL 1
| #define SIZEOF_UNSIGNED_SHORT 0
| #define SIZEOF_UNSIGNED_INT 0
| #define SIZEOF_UNSIGNED_LONG 0
| #define SIZEOF_UNSIGNED_LONG_LONG 0
| /* end confdefs.h.  */
| /* Define stroul to an innocuous variant, in case <limits.h> declares stroul.
|    For example, HP-UX 11i <limits.h> declares gettimeofday.  */
| #define stroul innocuous_stroul
| 
| /* System header to define __stub macros and hopefully few prototypes,
|     which can conflict with char stroul (); below.
|     Prefer <limits.h> to <assert.h> if __STDC__ is defined, since
|     <limits.h> exists even on freestanding compilers.  */
| 
| #ifdef __STDC__
| # include <limits.h>
| #else
| # include <assert.h>
| #endif
| 
| #undef stroul
| 
| /* Override any GCC internal prototype to avoid an error.
|    Use char because int might match the return type of a GCC
|    builtin and then its argument prototype would still apply.  */
| #ifdef __cplusplus
| extern "C"
| #endif
| char stroul ();
| /* The GNU C library defines this for functions which it implements
|     to always fail with ENOSYS.  Some functions are actually named
|     something starting with __ and the normal name is an alias.  */
| #if defined __stub_stroul || defined __stub___stroul
| choke me
| #endif
| 
| int
| main ()
| {
| return stroul ();
|   ;
|   return 0;
| }
configure:16838: result: no
configure:16838: checking for strtoull
configure:16838: gcc -o conftest -I/home/tot/taxontree/test/src/argtable2-13/include  -L/home/tot/taxontree/test/src/argtable2-13/lib conftest.c -largtable2 -lm  >&5
configure:16838: $? = 0
configure:16838: result: yes
configure:16850: checking for ftello
configure:16850: gcc -o conftest -I/home/tot/taxontree/test/src/argtable2-13/include  -L/home/tot/taxontree/test/src/argtable2-13/lib conftest.c -largtable2 -lm  >&5
configure:16850: $? = 0
configure:16850: result: yes
configure:16850: checking for fseeko
configure:16850: gcc -o conftest -I/home/tot/taxontree/test/src/argtable2-13/include  -L/home/tot/taxontree/test/src/argtable2-13/lib conftest.c -largtable2 -lm  >&5
configure:16850: $? = 0
configure:16850: result: yes
configure:16862: checking for ftello64
configure:16862: gcc -o conftest -I/home/tot/taxontree/test/src/argtable2-13/include  -L/home/tot/taxontree/test/src/argtable2-13/lib conftest.c -largtable2 -lm  >&5
configure:16862: $? = 0
configure:16862: result: yes
configure:16862: checking for fseeko64
configure:16862: gcc -o conftest -I/home/tot/taxontree/test/src/argtable2-13/include  -L/home/tot/taxontree/test/src/argtable2-13/lib conftest.c -largtable2 -lm  >&5
configure:16862: $? = 0
configure:16862: result: yes
configure:16874: checking for ftell64
configure:16874: gcc -o conftest -I/home/tot/taxontree/test/src/argtable2-13/include  -L/home/tot/taxontree/test/src/argtable2-13/lib conftest.c -largtable2 -lm  >&5
/tmp/ccfR0pDy.o: In function `main':
conftest.c:(.text+0xa): undefined reference to `ftell64'
collect2: error: ld returned 1 exit status
configure:16874: $? = 1
configure: failed program was:
| /* confdefs.h */
| #define PACKAGE_NAME "Clustal Omega"
| #define PACKAGE_TARNAME "clustal-omega"
| #define PACKAGE_VERSION "1.2.1"
| #define PACKAGE_STRING "Clustal Omega 1.2.1"
| #define PACKAGE_BUGREPORT "clustalw@ucd.ie"
| #define PACKAGE_URL ""
| #define PACKAGE "clustal-omega"
| #define VERSION "1.2.1"
| #define STDC_HEADERS 1
| #define HAVE_SYS_TYPES_H 1
| #define HAVE_SYS_STAT_H 1
| #define HAVE_STDLIB_H 1
| #define HAVE_STRING_H 1
| #define HAVE_MEMORY_H 1
| #define HAVE_STRINGS_H 1
| #define HAVE_INTTYPES_H 1
| #define HAVE_STDINT_H 1
| #define HAVE_UNISTD_H 1
| #define __EXTENSIONS__ 1
| #define _ALL_SOURCE 1
| #define _GNU_SOURCE 1
| #define _POSIX_PTHREAD_SEMANTICS 1
| #define _TANDEM_SOURCE 1
| #define HAVE_DLFCN_H 1
| #define LT_OBJDIR ".libs/"
| #define CLUSTALO 1
| #define PACKAGE_CODENAME "AndreaGiacomo"
| #define LINUX 1
| #define STDC_HEADERS 1
| #define HAVE_ASSERT_H 1
| #define HAVE_CTYPE_H 1
| #define HAVE_FLOAT_H 1
| #define HAVE_LIMITS_H 1
| #define HAVE_MATH_H 1
| #define HAVE_MEMORY_H 1
| #define HAVE_STDARG_H 1
| #define HAVE_STDIO_H 1
| #define HAVE_STDLIB_H 1
| #define HAVE_STRING_H 1
| #define HAVE_TIME_H 1
| #define HAVE_UNISTD_H 1
| #define HAVE_LIBM 1
| #define HAVE_LOG2 1
| #define HAVE_ARGTABLE2_H 1
| #define HAVE_LIBARGTABLE2 1
| #define HAVE_OPENMP 1
| #define HAVE_NTOHS 1
| #define HAVE_NTOHL 1
| #define SIZEOF_UNSIGNED_SHORT 0
| #define SIZEOF_UNSIGNED_INT 0
| #define SIZEOF_UNSIGNED_LONG 0
| #define SIZEOF_UNSIGNED_LONG_LONG 0
| #define HAVE_STRTOULL 1
| #define HAVE_FTELLO 1
| #define HAVE_FSEEKO 1
| #define HAVE_FTELLO64 1
| #define HAVE_FSEEKO64 1
| /* end confdefs.h.  */
| /* Define ftell64 to an innocuous variant, in case <limits.h> declares ftell64.
|    For example, HP-UX 11i <limits.h> declares gettimeofday.  */
| #define ftell64 innocuous_ftell64
| 
| /* System header to define __stub macros and hopefully few prototypes,
|     which can conflict with char ftell64 (); below.
|     Prefer <limits.h> to <assert.h> if __STDC__ is defined, since
|     <limits.h> exists even on freestanding compilers.  */
| 
| #ifdef __STDC__
| # include <limits.h>
| #else
| # include <assert.h>
| #endif
| 
| #undef ftell64
| 
| /* Override any GCC internal prototype to avoid an error.
|    Use char because int might match the return type of a GCC
|    builtin and then its argument prototype would still apply.  */
| #ifdef __cplusplus
| extern "C"
| #endif
| char ftell64 ();
| /* The GNU C library defines this for functions which it implements
|     to always fail with ENOSYS.  Some functions are actually named
|     something starting with __ and the normal name is an alias.  */
| #if defined __stub_ftell64 || defined __stub___ftell64
| choke me
| #endif
| 
| int
| main ()
| {
| return ftell64 ();
|   ;
|   return 0;
| }
configure:16874: result: no
configure:16874: checking for fseek64
configure:16874: gcc -o conftest -I/home/tot/taxontree/test/src/argtable2-13/include  -L/home/tot/taxontree/test/src/argtable2-13/lib conftest.c -largtable2 -lm  >&5
/tmp/ccnHKC8r.o: In function `main':
conftest.c:(.text+0xa): undefined reference to `fseek64'
collect2: error: ld returned 1 exit status
configure:16874: $? = 1
configure: failed program was:
| /* confdefs.h */
| #define PACKAGE_NAME "Clustal Omega"
| #define PACKAGE_TARNAME "clustal-omega"
| #define PACKAGE_VERSION "1.2.1"
| #define PACKAGE_STRING "Clustal Omega 1.2.1"
| #define PACKAGE_BUGREPORT "clustalw@ucd.ie"
| #define PACKAGE_URL ""
| #define PACKAGE "clustal-omega"
| #define VERSION "1.2.1"
| #define STDC_HEADERS 1
| #define HAVE_SYS_TYPES_H 1
| #define HAVE_SYS_STAT_H 1
| #define HAVE_STDLIB_H 1
| #define HAVE_STRING_H 1
| #define HAVE_MEMORY_H 1
| #define HAVE_STRINGS_H 1
| #define HAVE_INTTYPES_H 1
| #define HAVE_STDINT_H 1
| #define HAVE_UNISTD_H 1
| #define __EXTENSIONS__ 1
| #define _ALL_SOURCE 1
| #define _GNU_SOURCE 1
| #define _POSIX_PTHREAD_SEMANTICS 1
| #define _TANDEM_SOURCE 1
| #define HAVE_DLFCN_H 1
| #define LT_OBJDIR ".libs/"
| #define CLUSTALO 1
| #define PACKAGE_CODENAME "AndreaGiacomo"
| #define LINUX 1
| #define STDC_HEADERS 1
| #define HAVE_ASSERT_H 1
| #define HAVE_CTYPE_H 1
| #define HAVE_FLOAT_H 1
| #define HAVE_LIMITS_H 1
| #define HAVE_MATH_H 1
| #define HAVE_MEMORY_H 1
| #define HAVE_STDARG_H 1
| #define HAVE_STDIO_H 1
| #define HAVE_STDLIB_H 1
| #define HAVE_STRING_H 1
| #define HAVE_TIME_H 1
| #define HAVE_UNISTD_H 1
| #define HAVE_LIBM 1
| #define HAVE_LOG2 1
| #define HAVE_ARGTABLE2_H 1
| #define HAVE_LIBARGTABLE2 1
| #define HAVE_OPENMP 1
| #define HAVE_NTOHS 1
| #define HAVE_NTOHL 1
| #define SIZEOF_UNSIGNED_SHORT 0
| #define SIZEOF_UNSIGNED_INT 0
| #define SIZEOF_UNSIGNED_LONG 0
| #define SIZEOF_UNSIGNED_LONG_LONG 0
| #define HAVE_STRTOULL 1
| #define HAVE_FTELLO 1
| #define HAVE_FSEEKO 1
| #define HAVE_FTELLO64 1
| #define HAVE_FSEEKO64 1
| /* end confdefs.h.  */
| /* Define fseek64 to an innocuous variant, in case <limits.h> declares fseek64.
|    For example, HP-UX 11i <limits.h> declares gettimeofday.  */
| #define fseek64 innocuous_fseek64
| 
| /* System header to define __stub macros and hopefully few prototypes,
|     which can conflict with char fseek64 (); below.
|     Prefer <limits.h> to <assert.h> if __STDC__ is defined, since
|     <limits.h> exists even on freestanding compilers.  */
| 
| #ifdef __STDC__
| # include <limits.h>
| #else
| # include <assert.h>
| #endif
| 
| #undef fseek64
| 
| /* Override any GCC internal prototype to avoid an error.
|    Use char because int might match the return type of a GCC
|    builtin and then its argument prototype would still apply.  */
| #ifdef __cplusplus
| extern "C"
| #endif
| char fseek64 ();
| /* The GNU C library defines this for functions which it implements
|     to always fail with ENOSYS.  Some functions are actually named
|     something starting with __ and the normal name is an alias.  */
| #if defined __stub_fseek64 || defined __stub___fseek64
| choke me
| #endif
| 
| int
| main ()
| {
| return fseek64 ();
|   ;
|   return 0;
| }
configure:16874: result: no
configure:16884: checking for off_t
configure:16884: gcc -c -I/home/tot/taxontree/test/src/argtable2-13/include  conftest.c >&5
configure:16884: $? = 0
configure:16884: gcc -c -I/home/tot/taxontree/test/src/argtable2-13/include  conftest.c >&5
conftest.c: In function 'main':
conftest.c:96:20: error: expected expression before ')' token
 if (sizeof ((off_t)))
                    ^
configure:16884: $? = 1
configure: failed program was:
| /* confdefs.h */
| #define PACKAGE_NAME "Clustal Omega"
| #define PACKAGE_TARNAME "clustal-omega"
| #define PACKAGE_VERSION "1.2.1"
| #define PACKAGE_STRING "Clustal Omega 1.2.1"
| #define PACKAGE_BUGREPORT "clustalw@ucd.ie"
| #define PACKAGE_URL ""
| #define PACKAGE "clustal-omega"
| #define VERSION "1.2.1"
| #define STDC_HEADERS 1
| #define HAVE_SYS_TYPES_H 1
| #define HAVE_SYS_STAT_H 1
| #define HAVE_STDLIB_H 1
| #define HAVE_STRING_H 1
| #define HAVE_MEMORY_H 1
| #define HAVE_STRINGS_H 1
| #define HAVE_INTTYPES_H 1
| #define HAVE_STDINT_H 1
| #define HAVE_UNISTD_H 1
| #define __EXTENSIONS__ 1
| #define _ALL_SOURCE 1
| #define _GNU_SOURCE 1
| #define _POSIX_PTHREAD_SEMANTICS 1
| #define _TANDEM_SOURCE 1
| #define HAVE_DLFCN_H 1
| #define LT_OBJDIR ".libs/"
| #define CLUSTALO 1
| #define PACKAGE_CODENAME "AndreaGiacomo"
| #define LINUX 1
| #define STDC_HEADERS 1
| #define HAVE_ASSERT_H 1
| #define HAVE_CTYPE_H 1
| #define HAVE_FLOAT_H 1
| #define HAVE_LIMITS_H 1
| #define HAVE_MATH_H 1
| #define HAVE_MEMORY_H 1
| #define HAVE_STDARG_H 1
| #define HAVE_STDIO_H 1
| #define HAVE_STDLIB_H 1
| #define HAVE_STRING_H 1
| #define HAVE_TIME_H 1
| #define HAVE_UNISTD_H 1
| #define HAVE_LIBM 1
| #define HAVE_LOG2 1
| #define HAVE_ARGTABLE2_H 1
| #define HAVE_LIBARGTABLE2 1
| #define HAVE_OPENMP 1
| #define HAVE_NTOHS 1
| #define HAVE_NTOHL 1
| #define SIZEOF_UNSIGNED_SHORT 0
| #define SIZEOF_UNSIGNED_INT 0
| #define SIZEOF_UNSIGNED_LONG 0
| #define SIZEOF_UNSIGNED_LONG_LONG 0
| #define HAVE_STRTOULL 1
| #define HAVE_FTELLO 1
| #define HAVE_FSEEKO 1
| #define HAVE_FTELLO64 1
| #define HAVE_FSEEKO64 1
| /* end confdefs.h.  */
| #include <stdio.h>
| #ifdef HAVE_SYS_TYPES_H
| # include <sys/types.h>
| #endif
| #ifdef HAVE_SYS_STAT_H
| # include <sys/stat.h>
| #endif
| #ifdef STDC_HEADERS
| # include <stdlib.h>
| # include <stddef.h>
| #else
| # ifdef HAVE_STDLIB_H
| #  include <stdlib.h>
| # endif
| #endif
| #ifdef HAVE_STRING_H
| # if !defined STDC_HEADERS && defined HAVE_MEMORY_H
| #  include <memory.h>
| # endif
| # include <string.h>
| #endif
| #ifdef HAVE_STRINGS_H
| # include <strings.h>
| #endif
| #ifdef HAVE_INTTYPES_H
| # include <inttypes.h>
| #endif
| #ifdef HAVE_STDINT_H
| # include <stdint.h>
| #endif
| #ifdef HAVE_UNISTD_H
| # include <unistd.h>
| #endif
| int
| main ()
| {
| if (sizeof ((off_t)))
| 	    return 0;
|   ;
|   return 0;
| }
configure:16884: result: yes
configure:16899: checking size of fpos_t
configure:16904: gcc -o conftest -I/home/tot/taxontree/test/src/argtable2-13/include  -L/home/tot/taxontree/test/src/argtable2-13/lib conftest.c -largtable2 -lm  >&5
configure:16904: $? = 0
configure:16904: ./conftest
./conftest: error while loading shared libraries: libargtable2.so.0: cannot open shared object file: No such file or directory
configure:16904: $? = 127
configure: program exited with status 127
configure: failed program was:
| /* confdefs.h */
| #define PACKAGE_NAME "Clustal Omega"
| #define PACKAGE_TARNAME "clustal-omega"
| #define PACKAGE_VERSION "1.2.1"
| #define PACKAGE_STRING "Clustal Omega 1.2.1"
| #define PACKAGE_BUGREPORT "clustalw@ucd.ie"
| #define PACKAGE_URL ""
| #define PACKAGE "clustal-omega"
| #define VERSION "1.2.1"
| #define STDC_HEADERS 1
| #define HAVE_SYS_TYPES_H 1
| #define HAVE_SYS_STAT_H 1
| #define HAVE_STDLIB_H 1
| #define HAVE_STRING_H 1
| #define HAVE_MEMORY_H 1
| #define HAVE_STRINGS_H 1
| #define HAVE_INTTYPES_H 1
| #define HAVE_STDINT_H 1
| #define HAVE_UNISTD_H 1
| #define __EXTENSIONS__ 1
| #define _ALL_SOURCE 1
| #define _GNU_SOURCE 1
| #define _POSIX_PTHREAD_SEMANTICS 1
| #define _TANDEM_SOURCE 1
| #define HAVE_DLFCN_H 1
| #define LT_OBJDIR ".libs/"
| #define CLUSTALO 1
| #define PACKAGE_CODENAME "AndreaGiacomo"
| #define LINUX 1
| #define STDC_HEADERS 1
| #define HAVE_ASSERT_H 1
| #define HAVE_CTYPE_H 1
| #define HAVE_FLOAT_H 1
| #define HAVE_LIMITS_H 1
| #define HAVE_MATH_H 1
| #define HAVE_MEMORY_H 1
| #define HAVE_STDARG_H 1
| #define HAVE_STDIO_H 1
| #define HAVE_STDLIB_H 1
| #define HAVE_STRING_H 1
| #define HAVE_TIME_H 1
| #define HAVE_UNISTD_H 1
| #define HAVE_LIBM 1
| #define HAVE_LOG2 1
| #define HAVE_ARGTABLE2_H 1
| #define HAVE_LIBARGTABLE2 1
| #define HAVE_OPENMP 1
| #define HAVE_NTOHS 1
| #define HAVE_NTOHL 1
| #define SIZEOF_UNSIGNED_SHORT 0
| #define SIZEOF_UNSIGNED_INT 0
| #define SIZEOF_UNSIGNED_LONG 0
| #define SIZEOF_UNSIGNED_LONG_LONG 0
| #define HAVE_STRTOULL 1
| #define HAVE_FTELLO 1
| #define HAVE_FSEEKO 1
| #define HAVE_FTELLO64 1
| #define HAVE_FSEEKO64 1
| /* end confdefs.h.  */
| #include <stdio.h>
| #ifdef HAVE_SYS_TYPES_H
| # include <sys/types.h>
| #endif
| #ifdef HAVE_SYS_STAT_H
| # include <sys/stat.h>
| #endif
| #ifdef STDC_HEADERS
| # include <stdlib.h>
| # include <stddef.h>
| #else
| # ifdef HAVE_STDLIB_H
| #  include <stdlib.h>
| # endif
| #endif
| #ifdef HAVE_STRING_H
| # if !defined STDC_HEADERS && defined HAVE_MEMORY_H
| #  include <memory.h>
| # endif
| # include <string.h>
| #endif
| #ifdef HAVE_STRINGS_H
| # include <strings.h>
| #endif
| #ifdef HAVE_INTTYPES_H
| # include <inttypes.h>
| #endif
| #ifdef HAVE_STDINT_H
| # include <stdint.h>
| #endif
| #ifdef HAVE_UNISTD_H
| # include <unistd.h>
| #endif
| static long int longval () { return (long int) (sizeof (fpos_t)); }
| static unsigned long int ulongval () { return (long int) (sizeof (fpos_t)); }
| #include <stdio.h>
| #include <stdlib.h>
| int
| main ()
| {
| 
|   FILE *f = fopen ("conftest.val", "w");
|   if (! f)
|     return 1;
|   if (((long int) (sizeof (fpos_t))) < 0)
|     {
|       long int i = longval ();
|       if (i != ((long int) (sizeof (fpos_t))))
| 	return 1;
|       fprintf (f, "%ld", i);
|     }
|   else
|     {
|       unsigned long int i = ulongval ();
|       if (i != ((long int) (sizeof (fpos_t))))
| 	return 1;
|       fprintf (f, "%lu", i);
|     }
|   /* Do not output a trailing newline, as this causes \r\n confusion
|      on some platforms.  */
|   return ferror (f) || fclose (f) != 0;
| 
|   ;
|   return 0;
| }
configure:16918: result: 0
configure:16961: checking if malloc debugging is wanted
configure:16979: result: no
configure:17003: checking whether to build with debug information
configure:17012: result: no
configure:17181: creating ./config.status

## ---------------------- ##
## Running config.status. ##
## ---------------------- ##

This file was extended by Clustal Omega config.status 1.2.1, which was
generated by GNU Autoconf 2.69.  Invocation command line was

  CONFIG_FILES    = 
  CONFIG_HEADERS  = 
  CONFIG_LINKS    = 
  CONFIG_COMMANDS = 
  $ ./config.status 

on bioinfo

config.status:1173: creating Makefile
config.status:1173: creating src/Makefile
config.status:1173: creating clustalo.pc
config.status:1173: creating Doxyfile
config.status:1173: creating src/clustal/Makefile
config.status:1173: creating src/hhalign/Makefile
config.status:1173: creating src/kmpp/Makefile
config.status:1173: creating src/squid/Makefile
config.status:1173: creating src/config.h
config.status:1354: src/config.h is unchanged
config.status:1402: executing src/clustal-omega-config.h commands
config.status:1440: creating src/clustal-omega-config.h - prefix CLUSTAL_OMEGA for src/config.h defines
config.status:1462: src/clustal-omega-config.h is unchanged
config.status:1402: executing depfiles commands
config.status:1402: executing libtool commands

## ---------------- ##
## Cache variables. ##
## ---------------- ##

ac_cv_build=x86_64-unknown-linux-gnu
ac_cv_c_bigendian=no
ac_cv_c_compiler_gnu=yes
ac_cv_c_const=yes
ac_cv_c_inline=inline
ac_cv_cxx_compiler_gnu=yes
ac_cv_env_CCC_set=
ac_cv_env_CCC_value=
ac_cv_env_CC_set=
ac_cv_env_CC_value=
ac_cv_env_CFLAGS_set=set
ac_cv_env_CFLAGS_value=-I/home/tot/taxontree/test/src/argtable2-13/include
ac_cv_env_CPPFLAGS_set=
ac_cv_env_CPPFLAGS_value=
ac_cv_env_CPP_set=
ac_cv_env_CPP_value=
ac_cv_env_CXXCPP_set=
ac_cv_env_CXXCPP_value=
ac_cv_env_CXXFLAGS_set=
ac_cv_env_CXXFLAGS_value=
ac_cv_env_CXX_set=
ac_cv_env_CXX_value=
ac_cv_env_LDFLAGS_set=set
ac_cv_env_LDFLAGS_value=-L/home/tot/taxontree/test/src/argtable2-13/lib
ac_cv_env_LIBS_set=
ac_cv_env_LIBS_value=
ac_cv_env_build_alias_set=
ac_cv_env_build_alias_value=
ac_cv_env_host_alias_set=
ac_cv_env_host_alias_value=
ac_cv_env_target_alias_set=
ac_cv_env_target_alias_value=
ac_cv_func_fseek64=no
ac_cv_func_fseeko64=yes
ac_cv_func_fseeko=yes
ac_cv_func_ftell64=no
ac_cv_func_ftello64=yes
ac_cv_func_ftello=yes
ac_cv_func_ntohl=yes
ac_cv_func_ntohs=yes
ac_cv_func_ntonl=no
ac_cv_func_ntons=no
ac_cv_func_stroul=no
ac_cv_func_strtoull=yes
ac_cv_header_argtable2_h=yes
ac_cv_header_assert_h=yes
ac_cv_header_ctype_h=yes
ac_cv_header_dlfcn_h=yes
ac_cv_header_float_h=yes
ac_cv_header_inttypes_h=yes
ac_cv_header_limits_h=yes
ac_cv_header_math_h=yes
ac_cv_header_memory_h=yes
ac_cv_header_minix_config_h=no
ac_cv_header_stdarg_h=yes
ac_cv_header_stdc=yes
ac_cv_header_stdint_h=yes
ac_cv_header_stdio_h=yes
ac_cv_header_stdlib_h=yes
ac_cv_header_string_h=yes
ac_cv_header_strings_h=yes
ac_cv_header_sys_stat_h=yes
ac_cv_header_sys_types_h=yes
ac_cv_header_time_h=yes
ac_cv_header_unistd_h=yes
ac_cv_host=x86_64-unknown-linux-gnu
ac_cv_lib_argtable2_arg_parse=yes
ac_cv_lib_m_log2=yes
ac_cv_lib_m_log=yes
ac_cv_objext=o
ac_cv_path_EGREP='/usr/bin/grep -E'
ac_cv_path_FGREP='/usr/bin/grep -F'
ac_cv_path_GREP=/usr/bin/grep
ac_cv_path_SED=/usr/bin/sed
ac_cv_path_install='/usr/bin/install -c'
ac_cv_path_mkdir=/usr/bin/mkdir
ac_cv_prog_AWK=gawk
ac_cv_prog_CPP='gcc -E'
ac_cv_prog_CXXCPP='g++ -E'
ac_cv_prog_ac_ct_AR=ar
ac_cv_prog_ac_ct_CC=gcc
ac_cv_prog_ac_ct_CXX=g++
ac_cv_prog_ac_ct_OBJDUMP=objdump
ac_cv_prog_ac_ct_RANLIB=ranlib
ac_cv_prog_ac_ct_STRIP=strip
ac_cv_prog_cc_c89=
ac_cv_prog_cc_g=yes
ac_cv_prog_cxx_g=yes
ac_cv_prog_make_make_set=yes
ac_cv_safe_to_define___extensions__=yes
ac_cv_sizeof_fpos_t=0
ac_cv_sizeof_unsigned_int=0
ac_cv_sizeof_unsigned_long=0
ac_cv_sizeof_unsigned_long_long=0
ac_cv_sizeof_unsigned_short=0
ac_cv_type_off_t=yes
ac_cv_type_size_t=yes
am_cv_CC_dependencies_compiler_type=gcc3
am_cv_CXX_dependencies_compiler_type=gcc3
ax_cv_c_openmp=-fopenmp
lt_cv_deplibs_check_method=pass_all
lt_cv_file_magic_cmd='$MAGIC_CMD'
lt_cv_file_magic_test_file=
lt_cv_ld_reload_flag=-r
lt_cv_nm_interface='BSD nm'
lt_cv_objdir=.libs
lt_cv_path_LD=/usr/bin/ld
lt_cv_path_LDCXX='/usr/bin/ld -m elf_x86_64'
lt_cv_path_NM='/usr/bin/nm -B'
lt_cv_prog_compiler_c_o=yes
lt_cv_prog_compiler_c_o_CXX=yes
lt_cv_prog_compiler_pic_works=yes
lt_cv_prog_compiler_pic_works_CXX=yes
lt_cv_prog_compiler_rtti_exceptions=no
lt_cv_prog_compiler_static_works=no
lt_cv_prog_compiler_static_works_CXX=no
lt_cv_prog_gnu_ld=yes
lt_cv_prog_gnu_ldcxx=yes
lt_cv_sys_global_symbol_pipe='sed -n -e '\''s/^.*[	 ]\([ABCDGIRSTW][ABCDGIRSTW]*\)[	 ][	 ]*\([_A-Za-z][_A-Za-z0-9]*\)$/\1 \2 \2/p'\'''
lt_cv_sys_global_symbol_to_c_name_address='sed -n -e '\''s/^: \([^ ]*\) $/  {\"\1\", (void *) 0},/p'\'' -e '\''s/^[ABCDGIRSTW]* \([^ ]*\) \([^ ]*\)$/  {"\2", (void *) \&\2},/p'\'''
lt_cv_sys_global_symbol_to_c_name_address_lib_prefix='sed -n -e '\''s/^: \([^ ]*\) $/  {\"\1\", (void *) 0},/p'\'' -e '\''s/^[ABCDGIRSTW]* \([^ ]*\) \(lib[^ ]*\)$/  {"\2", (void *) \&\2},/p'\'' -e '\''s/^[ABCDGIRSTW]* \([^ ]*\) \([^ ]*\)$/  {"lib\2", (void *) \&\2},/p'\'''
lt_cv_sys_global_symbol_to_cdecl='sed -n -e '\''s/^T .* \(.*\)$/extern int \1();/p'\'' -e '\''s/^[ABCDGIRSTW]* .* \(.*\)$/extern char \1;/p'\'''
lt_cv_sys_max_cmd_len=1572864

## ----------------- ##
## Output variables. ##
## ----------------- ##

ACLOCAL='${SHELL} /home/tot/taxontree/test/ext_apps/src/clustal-omega-1.2.1/missing --run aclocal-1.10'
AMDEPBACKSLASH='\'
AMDEP_FALSE='#'
AMDEP_TRUE=''
AMTAR='${SHELL} /home/tot/taxontree/test/ext_apps/src/clustal-omega-1.2.1/missing --run tar'
AM_CFLAGS=' -O3'
AM_CXXFLAGS=' -O3'
AM_LDFLAGS=''
AR='ar'
AUTOCONF='${SHELL} /home/tot/taxontree/test/ext_apps/src/clustal-omega-1.2.1/missing --run autoconf'
AUTOHEADER='${SHELL} /home/tot/taxontree/test/ext_apps/src/clustal-omega-1.2.1/missing --run autoheader'
AUTOMAKE='${SHELL} /home/tot/taxontree/test/ext_apps/src/clustal-omega-1.2.1/missing --run automake-1.10'
AWK='gawk'
CC='gcc'
CCDEPMODE='depmode=gcc3'
CFLAGS='-I/home/tot/taxontree/test/src/argtable2-13/include'
CPP='gcc -E'
CPPFLAGS=''
CXX='g++'
CXXCPP='g++ -E'
CXXDEPMODE='depmode=gcc3'
CXXFLAGS='-g -O2'
CYGPATH_W='echo'
DEFS='-DHAVE_CONFIG_H'
DEPDIR='.deps'
DSYMUTIL=''
DUMPBIN=''
ECHO_C=''
ECHO_N='-n'
ECHO_T=''
EGREP='/usr/bin/grep -E'
EXEEXT=''
FGREP='/usr/bin/grep -F'
GREP='/usr/bin/grep'
INSTALL_DATA='${INSTALL} -m 644'
INSTALL_PROGRAM='${INSTALL}'
INSTALL_SCRIPT='${INSTALL}'
INSTALL_STRIP_PROGRAM='$(install_sh) -c -s'
LD='/usr/bin/ld -m elf_x86_64'
LDFLAGS='-L/home/tot/taxontree/test/src/argtable2-13/lib'
LIBOBJS=''
LIBS='-largtable2 -lm '
LIBTOOL='$(SHELL) $(top_builddir)/libtool'
LIPO=''
LN_S='ln -s'
LTLIBOBJS=''
MAKEINFO='${SHELL} /home/tot/taxontree/test/ext_apps/src/clustal-omega-1.2.1/missing --run makeinfo'
MKDIR_P='/usr/bin/mkdir -p'
NM='/usr/bin/nm -B'
NMEDIT=''
OBJDUMP='objdump'
OBJEXT='o'
OPENMP_CFLAGS='-fopenmp'
OPENMP_CXXFLAGS='-fopenmp'
OTOOL64=''
OTOOL=''
PACKAGE='clustal-omega'
PACKAGE_BUGREPORT='clustalw@ucd.ie'
PACKAGE_CODENAME='AndreaGiacomo'
PACKAGE_NAME='Clustal Omega'
PACKAGE_STRING='Clustal Omega 1.2.1'
PACKAGE_TARNAME='clustal-omega'
PACKAGE_URL=''
PACKAGE_VERSION='1.2.1'
PATH_SEPARATOR=':'
RANLIB='ranlib'
SED='/usr/bin/sed'
SET_MAKE=''
SHELL='/bin/sh'
STRIP='strip'
VERSION='1.2.1'
ac_ct_CC='gcc'
ac_ct_CXX='g++'
ac_ct_DUMPBIN=''
am__fastdepCC_FALSE='#'
am__fastdepCC_TRUE=''
am__fastdepCXX_FALSE='#'
am__fastdepCXX_TRUE=''
am__include='include'
am__isrc=''
am__leading_dot='.'
am__quote=''
am__tar='${AMTAR} chof - "$$tardir"'
am__untar='${AMTAR} xf -'
bindir='${exec_prefix}/bin'
build='x86_64-unknown-linux-gnu'
build_alias=''
build_cpu='x86_64'
build_os='linux-gnu'
build_vendor='unknown'
datadir='${datarootdir}'
datarootdir='${prefix}/share'
docdir='${datarootdir}/doc/${PACKAGE_TARNAME}'
dvidir='${docdir}'
exec_prefix='${prefix}'
host='x86_64-unknown-linux-gnu'
host_alias=''
host_cpu='x86_64'
host_os='linux-gnu'
host_vendor='unknown'
htmldir='${docdir}'
includedir='${prefix}/include'
infodir='${datarootdir}/info'
install_sh='$(SHELL) /home/tot/taxontree/test/ext_apps/src/clustal-omega-1.2.1/install-sh'
libdir='${exec_prefix}/lib'
libexecdir='${exec_prefix}/libexec'
localedir='${datarootdir}/locale'
localstatedir='${prefix}/var'
lt_ECHO='echo'
mandir='${datarootdir}/man'
mkdir_p='/usr/bin/mkdir -p'
oldincludedir='/usr/include'
pdfdir='${docdir}'
prefix='/usr/local'
program_transform_name='s,x,x,'
psdir='${docdir}'
sbindir='${exec_prefix}/sbin'
sharedstatedir='${prefix}/com'
sysconfdir='${prefix}/etc'
target_alias=''

## ----------- ##
## confdefs.h. ##
## ----------- ##

/* confdefs.h */
#define PACKAGE_NAME "Clustal Omega"
#define PACKAGE_TARNAME "clustal-omega"
#define PACKAGE_VERSION "1.2.1"
#define PACKAGE_STRING "Clustal Omega 1.2.1"
#define PACKAGE_BUGREPORT "clustalw@ucd.ie"
#define PACKAGE_URL ""
#define PACKAGE "clustal-omega"
#define VERSION "1.2.1"
#define STDC_HEADERS 1
#define HAVE_SYS_TYPES_H 1
#define HAVE_SYS_STAT_H 1
#define HAVE_STDLIB_H 1
#define HAVE_STRING_H 1
#define HAVE_MEMORY_H 1
#define HAVE_STRINGS_H 1
#define HAVE_INTTYPES_H 1
#define HAVE_STDINT_H 1
#define HAVE_UNISTD_H 1
#define __EXTENSIONS__ 1
#define _ALL_SOURCE 1
#define _GNU_SOURCE 1
#define _POSIX_PTHREAD_SEMANTICS 1
#define _TANDEM_SOURCE 1
#define HAVE_DLFCN_H 1
#define LT_OBJDIR ".libs/"
#define CLUSTALO 1
#define PACKAGE_CODENAME "AndreaGiacomo"
#define LINUX 1
#define STDC_HEADERS 1
#define HAVE_ASSERT_H 1
#define HAVE_CTYPE_H 1
#define HAVE_FLOAT_H 1
#define HAVE_LIMITS_H 1
#define HAVE_MATH_H 1
#define HAVE_MEMORY_H 1
#define HAVE_STDARG_H 1
#define HAVE_STDIO_H 1
#define HAVE_STDLIB_H 1
#define HAVE_STRING_H 1
#define HAVE_TIME_H 1
#define HAVE_UNISTD_H 1
#define HAVE_LIBM 1
#define HAVE_LOG2 1
#define HAVE_ARGTABLE2_H 1
#define HAVE_LIBARGTABLE2 1
#define HAVE_OPENMP 1
#define HAVE_NTOHS 1
#define HAVE_NTOHL 1
#define SIZEOF_UNSIGNED_SHORT 0
#define SIZEOF_UNSIGNED_INT 0
#define SIZEOF_UNSIGNED_LONG 0
#define SIZEOF_UNSIGNED_LONG_LONG 0
#define HAVE_STRTOULL 1
#define HAVE_FTELLO 1
#define HAVE_FSEEKO 1
#define HAVE_FTELLO64 1
#define HAVE_FSEEKO64 1
#define SIZEOF_FPOS_T 0
#define NDEBUG /**/

configure: exit 0
